
> jshint@2.9.4 test-unit /root/jshint
> nodeunit tests/unit tests/unit/unstable


[1mcore[22m
âœ” testCustomGlobals
âœ” testUnusedDefinedGlobals
âœ” testImplieds
{"identifier":true,"type":"export","value":"export","line":2,"character":7,"from":1,"raw_text":"export"}
âœ” testExportedDefinedGlobals
âœ” testGlobalVarDeclarations
âœ” globalDeclarations
âœ” multilineGlobalDeclarations
âœ” testNewArray
âœ” testNewNonNativeArray
âœ” testNonNativeArray
âœ” testNewObject
âœ” testNewNonNativeObject
[31mâœ– testUndefinedAsParam[39m

Assertion Message: [35m
  TestRun: [bold]{undefined}
  [yellow]{Errors defined, but not thrown by JSHINT}
 [bold]{Line 1, Char undefined} Expected an identifier and instead saw 'undefined' (a reserved word).
[39m
AssertionError: false == true
  TestRun: [bold]{undefined}
  [yellow]{Errors defined, but not thrown by JSHINT}
 [bold]{Line 1, Char undefined} Expected an identifier and instead saw 'undefined' (a reserved word).

    at Object.ok (/root/jshint/node_modules/nodeunit/lib/types.js:83:39)
    at Object.test (/root/jshint/tests/helpers/testhelper.js:133:12)
    at Object.exports.testUndefinedAsParam (/root/jshint/tests/unit/core.js:242:6)
    at Object.<anonymous> (/root/jshint/node_modules/nodeunit/lib/core.js:236:16)
    at /root/jshint/node_modules/nodeunit/lib/core.js:236:16
    at Object.exports.runTest (/root/jshint/node_modules/nodeunit/lib/core.js:70:9)
    at /root/jshint/node_modules/nodeunit/lib/core.js:118:25
    at /root/jshint/node_modules/nodeunit/deps/async.js:513:13
    at iterate (/root/jshint/node_modules/nodeunit/deps/async.js:123:13)
    at /root/jshint/node_modules/nodeunit/deps/async.js:134:25
    at /root/jshint/node_modules/nodeunit/deps/async.js:515:17
    at Immediate.<anonymous> (/root/jshint/node_modules/nodeunit/lib/types.js:146:17)
    at runCallback (timers.js:781:20)
    at tryOnImmediate (timers.js:743:5)
    at processImmediate [as _immediateCallback] (timers.js:714:5)

âœ” newLineAfterDot
âœ” noDelete
âœ” switchFallThrough
âœ” switchDefaultFirst
âœ” testVoid
âœ” functionScopedOptions
âœ” jslintOptions
âœ” jslintInverted
âœ” jslintRenamed
âœ” jslintSloppy
âœ” jslintUnrecognized
âœ” caseExpressions
âœ” returnStatement
âœ” argsInCatchReused
âœ” testRawOnError
âœ” yesEmptyStmt
âœ” insideEval
âœ” escapedEvil
âœ” noExcOnTooManyUndefined
âœ” defensiveSemicolon
âœ” iife
âœ” invalidOptions
âœ” multilineArray
âœ” testInvalidSource
âœ” testConstructor
âœ” missingRadix
âœ” NumberNaN
âœ” htmlEscapement
âœ” testSparseArrays
[31mâœ– testReserved[39m

Assertion Message: [35m
  TestRun: [bold]{undefined}
  [yellow]{Errors defined, but not thrown by JSHINT}
 [bold]{Line 5, Char undefined} Expected an identifier and instead saw 'let' (a reserved word).
 [bold]{Line 10, Char undefined} Expected an identifier and instead saw 'let' (a reserved word).
 [bold]{Line 13, Char undefined} Expected an identifier and instead saw 'class' (a reserved word).
 [bold]{Line 14, Char undefined} Expected an identifier and instead saw 'else' (a reserved word).
 [bold]{Line 15, Char undefined} Expected an identifier and instead saw 'protected' (a reserved word).
[39m
AssertionError: false == true
  TestRun: [bold]{undefined}
  [yellow]{Errors defined, but not thrown by JSHINT}
 [bold]{Line 5, Char undefined} Expected an identifier and instead saw 'let' (a reserved word).
 [bold]{Line 10, Char undefined} Expected an identifier and instead saw 'let' (a reserved word).
 [bold]{Line 13, Char undefined} Expected an identifier and instead saw 'class' (a reserved word).
 [bold]{Line 14, Char undefined} Expected an identifier and instead saw 'else' (a reserved word).
 [bold]{Line 15, Char undefined} Expected an identifier and instead saw 'protected' (a reserved word).

    at Object.ok (/root/jshint/node_modules/nodeunit/lib/types.js:83:39)
    at Object.test (/root/jshint/tests/helpers/testhelper.js:133:12)
    at Object.exports.testReserved (/root/jshint/tests/unit/core.js:609:6)
    at Object.<anonymous> (/root/jshint/node_modules/nodeunit/lib/core.js:236:16)
    at /root/jshint/node_modules/nodeunit/lib/core.js:236:16
    at Object.exports.runTest (/root/jshint/node_modules/nodeunit/lib/core.js:70:9)
    at /root/jshint/node_modules/nodeunit/lib/core.js:118:25
    at /root/jshint/node_modules/nodeunit/deps/async.js:513:13
    at iterate (/root/jshint/node_modules/nodeunit/deps/async.js:123:13)
    at /root/jshint/node_modules/nodeunit/deps/async.js:134:25
    at /root/jshint/node_modules/nodeunit/deps/async.js:515:17
    at Immediate.<anonymous> (/root/jshint/node_modules/nodeunit/lib/types.js:146:17)
    at runCallback (timers.js:781:20)
    at tryOnImmediate (timers.js:743:5)
    at processImmediate [as _immediateCallback] (timers.js:714:5)

Assertion Message: [35m
  TestRun: [bold]{undefined}
  [yellow]{Errors defined, but not thrown by JSHINT}
 [bold]{Line 5, Char undefined} Expected an identifier and instead saw 'let' (a reserved word).
 [bold]{Line 10, Char undefined} Expected an identifier and instead saw 'let' (a reserved word).
[39m
AssertionError: false == true
  TestRun: [bold]{undefined}
  [yellow]{Errors defined, but not thrown by JSHINT}
 [bold]{Line 5, Char undefined} Expected an identifier and instead saw 'let' (a reserved word).
 [bold]{Line 10, Char undefined} Expected an identifier and instead saw 'let' (a reserved word).

    at Object.ok (/root/jshint/node_modules/nodeunit/lib/types.js:83:39)
    at Object.test (/root/jshint/tests/helpers/testhelper.js:133:12)
    at Object.exports.testReserved (/root/jshint/tests/unit/core.js:614:6)
    at Object.<anonymous> (/root/jshint/node_modules/nodeunit/lib/core.js:236:16)
    at /root/jshint/node_modules/nodeunit/lib/core.js:236:16
    at Object.exports.runTest (/root/jshint/node_modules/nodeunit/lib/core.js:70:9)
    at /root/jshint/node_modules/nodeunit/lib/core.js:118:25
    at /root/jshint/node_modules/nodeunit/deps/async.js:513:13
    at iterate (/root/jshint/node_modules/nodeunit/deps/async.js:123:13)
    at /root/jshint/node_modules/nodeunit/deps/async.js:134:25
    at /root/jshint/node_modules/nodeunit/deps/async.js:515:17
    at Immediate.<anonymous> (/root/jshint/node_modules/nodeunit/lib/types.js:146:17)
    at runCallback (timers.js:781:20)
    at tryOnImmediate (timers.js:743:5)
    at processImmediate [as _immediateCallback] (timers.js:714:5)

[31mâœ– testES5Reserved[39m

Assertion Message: [35m
  TestRun: [bold]{undefined}
  [yellow]{Errors defined, but not thrown by JSHINT}
 [bold]{Line 2, Char undefined} Expected an identifier and instead saw 'default' (a reserved word).
 [bold]{Line 3, Char undefined} Expected an identifier and instead saw 'in' (a reserved word).
 [bold]{Line 6, Char undefined} Expected an identifier and instead saw 'default' (a reserved word).
 [bold]{Line 7, Char undefined} Expected an identifier and instead saw 'new' (a reserved word).
 [bold]{Line 8, Char undefined} Expected an identifier and instead saw 'class' (a reserved word).
 [bold]{Line 9, Char undefined} Expected an identifier and instead saw 'default' (a reserved word).
 [bold]{Line 10, Char undefined} Expected an identifier and instead saw 'in' (a reserved word).
 [bold]{Line 11, Char undefined} Expected an identifier and instead saw 'in' (a reserved word).
[39m
AssertionError: false == true
  TestRun: [bold]{undefined}
  [yellow]{Errors defined, but not thrown by JSHINT}
 [bold]{Line 2, Char undefined} Expected an identifier and instead saw 'default' (a reserved word).
 [bold]{Line 3, Char undefined} Expected an identifier and instead saw 'in' (a reserved word).
 [bold]{Line 6, Char undefined} Expected an identifier and instead saw 'default' (a reserved word).
 [bold]{Line 7, Char undefined} Expected an identifier and instead saw 'new' (a reserved word).
 [bold]{Line 8, Char undefined} Expected an identifier and instead saw 'class' (a reserved word).
 [bold]{Line 9, Char undefined} Expected an identifier and instead saw 'default' (a reserved word).
 [bold]{Line 10, Char undefined} Expected an identifier and instead saw 'in' (a reserved word).
 [bold]{Line 11, Char undefined} Expected an identifier and instead saw 'in' (a reserved word).

    at Object.ok (/root/jshint/node_modules/nodeunit/lib/types.js:83:39)
    at Object.test (/root/jshint/tests/helpers/testhelper.js:133:12)
    at Object.exports.testES5Reserved (/root/jshint/tests/unit/core.js:634:6)
    at Object.<anonymous> (/root/jshint/node_modules/nodeunit/lib/core.js:236:16)
    at /root/jshint/node_modules/nodeunit/lib/core.js:236:16
    at Object.exports.runTest (/root/jshint/node_modules/nodeunit/lib/core.js:70:9)
    at /root/jshint/node_modules/nodeunit/lib/core.js:118:25
    at /root/jshint/node_modules/nodeunit/deps/async.js:513:13
    at iterate (/root/jshint/node_modules/nodeunit/deps/async.js:123:13)
    at /root/jshint/node_modules/nodeunit/deps/async.js:134:25
    at /root/jshint/node_modules/nodeunit/deps/async.js:515:17
    at Immediate.<anonymous> (/root/jshint/node_modules/nodeunit/lib/types.js:146:17)
    at runCallback (timers.js:781:20)
    at tryOnImmediate (timers.js:743:5)
    at processImmediate [as _immediateCallback] (timers.js:714:5)

Assertion Message: [35m
  TestRun: [bold]{undefined}
  [yellow]{Errors defined, but not thrown by JSHINT}
 [bold]{Line 6, Char undefined} Expected an identifier and instead saw 'default' (a reserved word).
 [bold]{Line 7, Char undefined} Expected an identifier and instead saw 'new' (a reserved word).
 [bold]{Line 8, Char undefined} Expected an identifier and instead saw 'class' (a reserved word).
 [bold]{Line 11, Char undefined} Expected an identifier and instead saw 'in' (a reserved word).
[39m
AssertionError: false == true
  TestRun: [bold]{undefined}
  [yellow]{Errors defined, but not thrown by JSHINT}
 [bold]{Line 6, Char undefined} Expected an identifier and instead saw 'default' (a reserved word).
 [bold]{Line 7, Char undefined} Expected an identifier and instead saw 'new' (a reserved word).
 [bold]{Line 8, Char undefined} Expected an identifier and instead saw 'class' (a reserved word).
 [bold]{Line 11, Char undefined} Expected an identifier and instead saw 'in' (a reserved word).

    at Object.ok (/root/jshint/node_modules/nodeunit/lib/types.js:83:39)
    at Object.test (/root/jshint/tests/helpers/testhelper.js:133:12)
    at Object.exports.testES5Reserved (/root/jshint/tests/unit/core.js:641:6)
    at Object.<anonymous> (/root/jshint/node_modules/nodeunit/lib/core.js:236:16)
    at /root/jshint/node_modules/nodeunit/lib/core.js:236:16
    at Object.exports.runTest (/root/jshint/node_modules/nodeunit/lib/core.js:70:9)
    at /root/jshint/node_modules/nodeunit/lib/core.js:118:25
    at /root/jshint/node_modules/nodeunit/deps/async.js:513:13
    at iterate (/root/jshint/node_modules/nodeunit/deps/async.js:123:13)
    at /root/jshint/node_modules/nodeunit/deps/async.js:134:25
    at /root/jshint/node_modules/nodeunit/deps/async.js:515:17
    at Immediate.<anonymous> (/root/jshint/node_modules/nodeunit/lib/types.js:146:17)
    at runCallback (timers.js:781:20)
    at tryOnImmediate (timers.js:743:5)
    at processImmediate [as _immediateCallback] (timers.js:714:5)

âœ” testCatchBlocks
âœ” testNumericParams
âœ” testForIn
âœ” testRegexArray
âœ” testUndefinedAssignment
{"identifier":true,"type":"import","value":"import","line":3,"character":7,"from":1,"raw_text":"import"}
{"identifier":true,"type":"import","value":"import","line":4,"character":7,"from":1,"raw_text":"import"}
{"identifier":true,"type":"import","value":"import","line":5,"character":7,"from":1,"raw_text":"import"}
{"identifier":true,"type":"import","value":"import","line":6,"character":7,"from":1,"raw_text":"import"}
{"identifier":true,"type":"import","value":"import","line":7,"character":7,"from":1,"raw_text":"import"}
{"identifier":true,"type":"import","value":"import","line":8,"character":7,"from":1,"raw_text":"import"}
{"identifier":true,"type":"import","value":"import","line":9,"character":7,"from":1,"raw_text":"import"}
{"identifier":true,"type":"import","value":"import","line":10,"character":7,"from":1,"raw_text":"import"}
{"identifier":true,"type":"import","value":"import","line":11,"character":7,"from":1,"raw_text":"import"}
{"identifier":true,"type":"export","value":"export","line":22,"character":7,"from":1,"raw_text":"export"}
{"identifier":true,"type":"export","value":"export","line":26,"character":7,"from":1,"raw_text":"export"}
{"identifier":true,"type":"export","value":"export","line":30,"character":7,"from":1,"raw_text":"export"}
{"identifier":true,"type":"export","value":"export","line":31,"character":7,"from":1,"raw_text":"export"}
{"identifier":true,"type":"export","value":"export","line":32,"character":7,"from":1,"raw_text":"export"}
{"identifier":true,"type":"export","value":"export","line":36,"character":7,"from":1,"raw_text":"export"}
{"identifier":true,"type":"export","value":"export","line":40,"character":7,"from":1,"raw_text":"export"}
{"identifier":true,"type":"export","value":"export","line":44,"character":7,"from":1,"raw_text":"export"}
{"identifier":true,"type":"export","value":"export","line":46,"character":7,"from":1,"raw_text":"export"}
{"identifier":true,"type":"export","value":"export","line":47,"character":7,"from":1,"raw_text":"export"}
{"identifier":true,"type":"export","value":"export","line":48,"character":7,"from":1,"raw_text":"export"}
{"identifier":true,"type":"import","value":"import","line":57,"character":7,"from":1,"raw_text":"import"}
{"identifier":true,"type":"import","value":"import","line":58,"character":7,"from":1,"raw_text":"import"}
{"identifier":true,"type":"import","value":"import","line":59,"character":7,"from":1,"raw_text":"import"}
{"identifier":true,"type":"import","value":"import","line":60,"character":7,"from":1,"raw_text":"import"}
{"identifier":true,"type":"import","value":"import","line":65,"character":7,"from":1,"raw_text":"import"}
{"identifier":true,"type":"export","value":"export","line":67,"character":7,"from":1,"raw_text":"export"}
{"identifier":true,"type":"import","value":"import","line":3,"character":7,"from":1,"raw_text":"import"}
{"identifier":true,"type":"import","value":"import","line":4,"character":7,"from":1,"raw_text":"import"}
{"identifier":true,"type":"import","value":"import","line":5,"character":7,"from":1,"raw_text":"import"}
{"identifier":true,"type":"import","value":"import","line":6,"character":7,"from":1,"raw_text":"import"}
{"identifier":true,"type":"import","value":"import","line":7,"character":7,"from":1,"raw_text":"import"}
{"identifier":true,"type":"import","value":"import","line":8,"character":7,"from":1,"raw_text":"import"}
{"identifier":true,"type":"import","value":"import","line":9,"character":7,"from":1,"raw_text":"import"}
{"identifier":true,"type":"import","value":"import","line":10,"character":7,"from":1,"raw_text":"import"}
{"identifier":true,"type":"import","value":"import","line":11,"character":7,"from":1,"raw_text":"import"}
{"identifier":true,"type":"export","value":"export","line":22,"character":7,"from":1,"raw_text":"export"}
{"identifier":true,"type":"export","value":"export","line":26,"character":7,"from":1,"raw_text":"export"}
{"identifier":true,"type":"export","value":"export","line":30,"character":7,"from":1,"raw_text":"export"}
{"identifier":true,"type":"export","value":"export","line":31,"character":7,"from":1,"raw_text":"export"}
{"identifier":true,"type":"export","value":"export","line":32,"character":7,"from":1,"raw_text":"export"}
{"identifier":true,"type":"export","value":"export","line":36,"character":7,"from":1,"raw_text":"export"}
{"identifier":true,"type":"export","value":"export","line":40,"character":7,"from":1,"raw_text":"export"}
{"identifier":true,"type":"export","value":"export","line":44,"character":7,"from":1,"raw_text":"export"}
{"identifier":true,"type":"export","value":"export","line":46,"character":7,"from":1,"raw_text":"export"}
{"identifier":true,"type":"export","value":"export","line":47,"character":7,"from":1,"raw_text":"export"}
{"identifier":true,"type":"export","value":"export","line":48,"character":7,"from":1,"raw_text":"export"}
{"identifier":true,"type":"import","value":"import","line":57,"character":7,"from":1,"raw_text":"import"}
{"identifier":true,"type":"import","value":"import","line":58,"character":7,"from":1,"raw_text":"import"}
{"identifier":true,"type":"export","value":"export","line":2,"character":7,"from":1,"raw_text":"export"}
{"identifier":true,"type":"import","value":"import","line":3,"character":7,"from":1,"raw_text":"import"}
[31mâœ– testES6Modules[39m

Assertion Message: [35m
  TestRun: [bold]{undefined}
  [yellow]{Errors thrown by JSHINT, but not defined in test run}
  [bold]{Line 48, Char 22} Expected an assignment or function call and instead saw an expression.
  [bold]{Line 48, Char 25} Missing semicolon.
[39m
AssertionError: false == true
  TestRun: [bold]{undefined}
  [yellow]{Errors thrown by JSHINT, but not defined in test run}
  [bold]{Line 48, Char 22} Expected an assignment or function call and instead saw an expression.
  [bold]{Line 48, Char 25} Missing semicolon.

    at Object.ok (/root/jshint/node_modules/nodeunit/lib/types.js:83:39)
    at Object.test (/root/jshint/tests/helpers/testhelper.js:133:12)
    at Object.exports.testES6Modules (/root/jshint/tests/unit/core.js:850:11)
    at Object.<anonymous> (/root/jshint/node_modules/nodeunit/lib/core.js:236:16)
    at /root/jshint/node_modules/nodeunit/lib/core.js:236:16
    at Object.exports.runTest (/root/jshint/node_modules/nodeunit/lib/core.js:70:9)
    at /root/jshint/node_modules/nodeunit/lib/core.js:118:25
    at /root/jshint/node_modules/nodeunit/deps/async.js:513:13
    at iterate (/root/jshint/node_modules/nodeunit/deps/async.js:123:13)
    at /root/jshint/node_modules/nodeunit/deps/async.js:134:25
    at /root/jshint/node_modules/nodeunit/deps/async.js:515:17
    at Immediate.<anonymous> (/root/jshint/node_modules/nodeunit/lib/types.js:146:17)
    at runCallback (timers.js:781:20)
    at tryOnImmediate (timers.js:743:5)
    at processImmediate [as _immediateCallback] (timers.js:714:5)

Assertion Message: [35m
  TestRun: [bold]{undefined}
  [yellow]{Errors defined, but not thrown by JSHINT}
 [bold]{Line 48, Char undefined} 'class' is available in ES6 (use 'esversion: 6') or Mozilla JS extensions (use moz).
 [bold]{Line 59, Char undefined} 'import' is only available in ES6 (use 'esversion: 6').
 [bold]{Line 60, Char undefined} 'import' is only available in ES6 (use 'esversion: 6').
 [bold]{Line 65, Char undefined} 'import' is only available in ES6 (use 'esversion: 6').
 [bold]{Line 67, Char undefined} 'export' is only available in ES6 (use 'esversion: 6').
 [bold]{Line 67, Char undefined} 'function*' is only available in ES6 (use 'esversion: 6').
 [bold]{Line 67, Char undefined} 'yield' is available in ES6 (use 'esversion: 6') or Mozilla JS extensions (use moz).
 [bold]{Line 51, Char undefined} Attempting to override '$' which is a constant.
 [bold]{Line 52, Char undefined} Attempting to override 'emGet' which is a constant.
 [bold]{Line 53, Char undefined} Attempting to override 'one' which is a constant.
 [bold]{Line 54, Char undefined} Attempting to override '_' which is a constant.
 [bold]{Line 55, Char undefined} Attempting to override 'ember2' which is a constant.
 [bold]{Line 58, Char undefined} 'set' has already been declared.
 [bold]{Line 59, Char undefined} '_' has already been declared.
 [bold]{Line 60, Char undefined} 'ember2' has already been declared.
  [yellow]{Errors thrown by JSHINT, but not defined in test run}
  [bold]{Line 3, Char 1} Expected an identifier and instead saw 'import' (a reserved word).
  [bold]{Line 4, Char 1} Expected an identifier and instead saw 'import' (a reserved word).
  [bold]{Line 5, Char 1} Expected an identifier and instead saw 'import' (a reserved word).
  [bold]{Line 6, Char 1} Expected an identifier and instead saw 'import' (a reserved word).
  [bold]{Line 7, Char 1} Expected an identifier and instead saw 'import' (a reserved word).
  [bold]{Line 8, Char 1} Expected an identifier and instead saw 'import' (a reserved word).
  [bold]{Line 9, Char 1} Expected an identifier and instead saw 'import' (a reserved word).
  [bold]{Line 10, Char 1} Expected an identifier and instead saw 'import' (a reserved word).
  [bold]{Line 11, Char 1} Expected an identifier and instead saw 'import' (a reserved word).
  [bold]{Line 22, Char 1} Expected an identifier and instead saw 'export' (a reserved word).
  [bold]{Line 26, Char 1} Expected an identifier and instead saw 'export' (a reserved word).
  [bold]{Line 30, Char 1} Expected an identifier and instead saw 'export' (a reserved word).
  [bold]{Line 31, Char 1} Expected an identifier and instead saw 'export' (a reserved word).
  [bold]{Line 32, Char 1} Expected an identifier and instead saw 'export' (a reserved word).
  [bold]{Line 36, Char 1} Expected an identifier and instead saw 'export' (a reserved word).
  [bold]{Line 40, Char 1} Expected an identifier and instead saw 'export' (a reserved word).
  [bold]{Line 44, Char 1} Expected an identifier and instead saw 'export' (a reserved word).
  [bold]{Line 46, Char 1} Expected an identifier and instead saw 'export' (a reserved word).
  [bold]{Line 47, Char 1} Expected an identifier and instead saw 'export' (a reserved word).
  [bold]{Line 48, Char 1} Expected an identifier and instead saw 'export' (a reserved word).
  [bold]{Line 48, Char 22} Expected an assignment or function call and instead saw an expression.
  [bold]{Line 48, Char 25} Missing semicolon.
  [bold]{Line 57, Char 1} Expected an identifier and instead saw 'import' (a reserved word).
  [bold]{Line 58, Char 1} Expected an identifier and instead saw 'import' (a reserved word).
  [bold]{Line 58, Char 17} Too many errors. (85% scanned).
[39m
AssertionError: false == true
  TestRun: [bold]{undefined}
  [yellow]{Errors defined, but not thrown by JSHINT}
 [bold]{Line 48, Char undefined} 'class' is available in ES6 (use 'esversion: 6') or Mozilla JS extensions (use moz).
 [bold]{Line 59, Char undefined} 'import' is only available in ES6 (use 'esversion: 6').
 [bold]{Line 60, Char undefined} 'import' is only available in ES6 (use 'esversion: 6').
 [bold]{Line 65, Char undefined} 'import' is only available in ES6 (use 'esversion: 6').
 [bold]{Line 67, Char undefined} 'export' is only available in ES6 (use 'esversion: 6').
 [bold]{Line 67, Char undefined} 'function*' is only available in ES6 (use 'esversion: 6').
 [bold]{Line 67, Char undefined} 'yield' is available in ES6 (use 'esversion: 6') or Mozilla JS extensions (use moz).
 [bold]{Line 51, Char undefined} Attempting to override '$' which is a constant.
 [bold]{Line 52, Char undefined} Attempting to override 'emGet' which is a constant.
 [bold]{Line 53, Char undefined} Attempting to override 'one' which is a constant.
 [bold]{Line 54, Char undefined} Attempting to override '_' which is a constant.
 [bold]{Line 55, Char undefined} Attempting to override 'ember2' which is a constant.
 [bold]{Line 58, Char undefined} 'set' has already been declared.
 [bold]{Line 59, Char undefined} '_' has already been declared.
 [bold]{Line 60, Char undefined} 'ember2' has already been declared.
  [yellow]{Errors thrown by JSHINT, but not defined in test run}
  [bold]{Line 3, Char 1} Expected an identifier and instead saw 'import' (a reserved word).
  [bold]{Line 4, Char 1} Expected an identifier and instead saw 'import' (a reserved word).
  [bold]{Line 5, Char 1} Expected an identifier and instead saw 'import' (a reserved word).
  [bold]{Line 6, Char 1} Expected an identifier and instead saw 'import' (a reserved word).
  [bold]{Line 7, Char 1} Expected an identifier and instead saw 'import' (a reserved word).
  [bold]{Line 8, Char 1} Expected an identifier and instead saw 'import' (a reserved word).
  [bold]{Line 9, Char 1} Expected an identifier and instead saw 'import' (a reserved word).
  [bold]{Line 10, Char 1} Expected an identifier and instead saw 'import' (a reserved word).
  [bold]{Line 11, Char 1} Expected an identifier and instead saw 'import' (a reserved word).
  [bold]{Line 22, Char 1} Expected an identifier and instead saw 'export' (a reserved word).
  [bold]{Line 26, Char 1} Expected an identifier and instead saw 'export' (a reserved word).
  [bold]{Line 30, Char 1} Expected an identifier and instead saw 'export' (a reserved word).
  [bold]{Line 31, Char 1} Expected an identifier and instead saw 'export' (a reserved word).
  [bold]{Line 32, Char 1} Expected an identifier and instead saw 'export' (a reserved word).
  [bold]{Line 36, Char 1} Expected an identifier and instead saw 'export' (a reserved word).
  [bold]{Line 40, Char 1} Expected an identifier and instead saw 'export' (a reserved word).
  [bold]{Line 44, Char 1} Expected an identifier and instead saw 'export' (a reserved word).
  [bold]{Line 46, Char 1} Expected an identifier and instead saw 'export' (a reserved word).
  [bold]{Line 47, Char 1} Expected an identifier and instead saw 'export' (a reserved word).
  [bold]{Line 48, Char 1} Expected an identifier and instead saw 'export' (a reserved word).
  [bold]{Line 48, Char 22} Expected an assignment or function call and instead saw an expression.
  [bold]{Line 48, Char 25} Missing semicolon.
  [bold]{Line 57, Char 1} Expected an identifier and instead saw 'import' (a reserved word).
  [bold]{Line 58, Char 1} Expected an identifier and instead saw 'import' (a reserved word).
  [bold]{Line 58, Char 17} Too many errors. (85% scanned).

    at Object.ok (/root/jshint/node_modules/nodeunit/lib/types.js:83:39)
    at Object.test (/root/jshint/tests/helpers/testhelper.js:133:12)
    at Object.exports.testES6Modules (/root/jshint/tests/unit/core.js:885:11)
    at Object.<anonymous> (/root/jshint/node_modules/nodeunit/lib/core.js:236:16)
    at /root/jshint/node_modules/nodeunit/lib/core.js:236:16
    at Object.exports.runTest (/root/jshint/node_modules/nodeunit/lib/core.js:70:9)
    at /root/jshint/node_modules/nodeunit/lib/core.js:118:25
    at /root/jshint/node_modules/nodeunit/deps/async.js:513:13
    at iterate (/root/jshint/node_modules/nodeunit/deps/async.js:123:13)
    at /root/jshint/node_modules/nodeunit/deps/async.js:134:25
    at /root/jshint/node_modules/nodeunit/deps/async.js:515:17
    at Immediate.<anonymous> (/root/jshint/node_modules/nodeunit/lib/types.js:146:17)
    at runCallback (timers.js:781:20)
    at tryOnImmediate (timers.js:743:5)
    at processImmediate [as _immediateCallback] (timers.js:714:5)

{"identifier":true,"type":"export","value":"export","line":9,"character":7,"from":1,"raw_text":"export"}
{"identifier":true,"type":"export","value":"export","line":10,"character":7,"from":1,"raw_text":"export"}
{"identifier":true,"type":"export","value":"export","line":11,"character":7,"from":1,"raw_text":"export"}
{"identifier":true,"type":"export","value":"export","line":12,"character":7,"from":1,"raw_text":"export"}
{"identifier":true,"type":"export","value":"export","line":13,"character":7,"from":1,"raw_text":"export"}
{"identifier":true,"type":"export","value":"export","line":14,"character":7,"from":1,"raw_text":"export"}
{"identifier":true,"type":"export","value":"export","line":15,"character":7,"from":1,"raw_text":"export"}
{"identifier":true,"type":"export","value":"export","line":16,"character":7,"from":1,"raw_text":"export"}
{"identifier":true,"type":"export","value":"export","line":17,"character":7,"from":1,"raw_text":"export"}
{"identifier":true,"type":"export","value":"export","line":18,"character":7,"from":1,"raw_text":"export"}
{"identifier":true,"type":"export","value":"export","line":19,"character":7,"from":1,"raw_text":"export"}
{"identifier":true,"type":"export","value":"export","line":20,"character":7,"from":1,"raw_text":"export"}
âœ” testES6ModulesNamedExportsAffectUnused
âœ” testConstRedeclaration
âœ” test typeof in TDZ
âœ” testConstModification
{"identifier":true,"type":"class","value":"class","line":1,"character":6,"from":1,"raw_text":"class"}
[31mâœ– class declaration export[39m

TypeError: Cannot read property 'desc' of undefined
    at quit (/root/jshint/src/jshint.js:333:40)
    at Object.fud (/root/jshint/src/jshint.js:5070:13)
    at expression (/root/jshint/src/jshint.js:961:32)
    at statement (/root/jshint/src/jshint.js:2001:9)
    at statements (/root/jshint/src/jshint.js:2054:16)
    at itself (/root/jshint/src/jshint.js:5888:9)
    at Object.test (/root/jshint/tests/helpers/testhelper.js:54:19)
    at Object.exports.class declaration export (/root/jshint/tests/unit/core.js:1081:17)
    at Object.<anonymous> (/root/jshint/node_modules/nodeunit/lib/core.js:236:16)
    at /root/jshint/node_modules/nodeunit/lib/core.js:236:16
    at Object.exports.runTest (/root/jshint/node_modules/nodeunit/lib/core.js:70:9)
    at /root/jshint/node_modules/nodeunit/lib/core.js:118:25
    at /root/jshint/node_modules/nodeunit/deps/async.js:513:13
    at iterate (/root/jshint/node_modules/nodeunit/deps/async.js:123:13)
    at /root/jshint/node_modules/nodeunit/deps/async.js:134:25
    at /root/jshint/node_modules/nodeunit/deps/async.js:515:17

{"identifier":true,"type":"export","value":"export","line":1,"character":7,"from":1,"raw_text":"export"}
{"identifier":true,"type":"export","value":"export","line":7,"character":7,"from":1,"raw_text":"export"}
âœ” function declaration export
{"identifier":true,"type":"class","value":"class","line":2,"character":6,"from":1,"raw_text":"class"}
{"identifier":true,"type":"class","value":"class","line":3,"character":6,"from":1,"raw_text":"class"}
{"identifier":true,"type":"class","value":"class","line":4,"character":6,"from":1,"raw_text":"class"}
{"identifier":true,"type":"class","value":"class","line":11,"character":8,"from":3,"raw_text":"class"}
[31mâœ– classIsBlockScoped[39m

Assertion Message: [35m
  TestRun: [bold]{undefined}
  [yellow]{Errors defined, but not thrown by JSHINT}
 [bold]{Line 4, Char undefined} 'C' was used before it was declared, which is illegal for 'class' variables.
  [yellow]{Errors thrown by JSHINT, but not defined in test run}
  [bold]{Line 2, Char 11} Missing semicolon.
  [bold]{Line 3, Char 21} Missing semicolon.
  [bold]{Line 4, Char 11} Missing semicolon.
  [bold]{Line 6, Char 14} Missing semicolon.
  [bold]{Line 6, Char 15} Expected an assignment or function call and instead saw an expression.
  [bold]{Line 6, Char 16} Missing semicolon.
  [bold]{Line 6, Char 33} Missing semicolon.
  [bold]{Line 7, Char 11} Missing semicolon.
  [bold]{Line 8, Char 2} Unnecessary semicolon.
  [bold]{Line 11, Char 13} Missing semicolon.
  [bold]{Line 6, Char 15} 'D' is not defined.
  [bold]{Line 6, Char 36} 'D' is not defined.
  [bold]{Line 7, Char 21} 'D' is not defined.
  [bold]{Line 6, Char 20} 'constructor' is not defined.
  [bold]{Line 7, Char 3} 'myfunc' is not defined.
[39m
AssertionError: false == true
  TestRun: [bold]{undefined}
  [yellow]{Errors defined, but not thrown by JSHINT}
 [bold]{Line 4, Char undefined} 'C' was used before it was declared, which is illegal for 'class' variables.
  [yellow]{Errors thrown by JSHINT, but not defined in test run}
  [bold]{Line 2, Char 11} Missing semicolon.
  [bold]{Line 3, Char 21} Missing semicolon.
  [bold]{Line 4, Char 11} Missing semicolon.
  [bold]{Line 6, Char 14} Missing semicolon.
  [bold]{Line 6, Char 15} Expected an assignment or function call and instead saw an expression.
  [bold]{Line 6, Char 16} Missing semicolon.
  [bold]{Line 6, Char 33} Missing semicolon.
  [bold]{Line 7, Char 11} Missing semicolon.
  [bold]{Line 8, Char 2} Unnecessary semicolon.
  [bold]{Line 11, Char 13} Missing semicolon.
  [bold]{Line 6, Char 15} 'D' is not defined.
  [bold]{Line 6, Char 36} 'D' is not defined.
  [bold]{Line 7, Char 21} 'D' is not defined.
  [bold]{Line 6, Char 20} 'constructor' is not defined.
  [bold]{Line 7, Char 3} 'myfunc' is not defined.

    at Object.ok (/root/jshint/node_modules/nodeunit/lib/types.js:83:39)
    at Object.test (/root/jshint/tests/helpers/testhelper.js:133:12)
    at Object.exports.classIsBlockScoped (/root/jshint/tests/unit/core.js:1124:6)
    at Object.<anonymous> (/root/jshint/node_modules/nodeunit/lib/core.js:236:16)
    at /root/jshint/node_modules/nodeunit/lib/core.js:236:16
    at Object.exports.runTest (/root/jshint/node_modules/nodeunit/lib/core.js:70:9)
    at /root/jshint/node_modules/nodeunit/lib/core.js:118:25
    at /root/jshint/node_modules/nodeunit/deps/async.js:513:13
    at iterate (/root/jshint/node_modules/nodeunit/deps/async.js:123:13)
    at /root/jshint/node_modules/nodeunit/deps/async.js:134:25
    at /root/jshint/node_modules/nodeunit/deps/async.js:515:17
    at Immediate.<anonymous> (/root/jshint/node_modules/nodeunit/lib/types.js:146:17)
    at runCallback (timers.js:781:20)
    at tryOnImmediate (timers.js:743:5)
    at processImmediate [as _immediateCallback] (timers.js:714:5)

{"identifier":true,"type":"export","value":"export","line":1,"character":7,"from":1,"raw_text":"export"}
âœ” testES6ModulesNamedExportsAffectUndef
{"identifier":true,"type":"export","value":"export","line":2,"character":7,"from":1,"raw_text":"export"}
âœ” testES6ModulesThroughExportDoNotAffectUnused
{"identifier":true,"type":"export","value":"export","line":1,"character":7,"from":1,"raw_text":"export"}
âœ” testES6ModulesThroughExportDoNotAffectUndef
{"identifier":true,"type":"export","value":"export","line":7,"character":7,"from":1,"raw_text":"export"}
{"identifier":true,"type":"export","value":"export","line":8,"character":7,"from":1,"raw_text":"export"}
{"identifier":true,"type":"export","value":"export","line":9,"character":7,"from":1,"raw_text":"export"}
[31mâœ– testES6ModulesDefaultExportsAffectUnused[39m

Assertion Message: [35m
  TestRun: [bold]{undefined}
  [yellow]{Errors thrown by JSHINT, but not defined in test run}
  [bold]{Line 9, Char 22} Expected an assignment or function call and instead saw an expression.
  [bold]{Line 9, Char 29} Missing semicolon.
[39m
AssertionError: false == true
  TestRun: [bold]{undefined}
  [yellow]{Errors thrown by JSHINT, but not defined in test run}
  [bold]{Line 9, Char 22} Expected an assignment or function call and instead saw an expression.
  [bold]{Line 9, Char 29} Missing semicolon.

    at Object.ok (/root/jshint/node_modules/nodeunit/lib/types.js:83:39)
    at Object.test (/root/jshint/tests/helpers/testhelper.js:133:12)
    at Object.exports.testES6ModulesDefaultExportsAffectUnused (/root/jshint/tests/unit/core.js:1214:6)
    at Object.<anonymous> (/root/jshint/node_modules/nodeunit/lib/core.js:236:16)
    at /root/jshint/node_modules/nodeunit/lib/core.js:236:16
    at Object.exports.runTest (/root/jshint/node_modules/nodeunit/lib/core.js:70:9)
    at /root/jshint/node_modules/nodeunit/lib/core.js:118:25
    at /root/jshint/node_modules/nodeunit/deps/async.js:513:13
    at iterate (/root/jshint/node_modules/nodeunit/deps/async.js:123:13)
    at /root/jshint/node_modules/nodeunit/deps/async.js:134:25
    at /root/jshint/node_modules/nodeunit/deps/async.js:515:17
    at Immediate.<anonymous> (/root/jshint/node_modules/nodeunit/lib/types.js:146:17)
    at runCallback (timers.js:781:20)
    at tryOnImmediate (timers.js:743:5)
    at processImmediate [as _immediateCallback] (timers.js:714:5)

{"identifier":true,"type":"export","value":"export","line":2,"character":7,"from":1,"raw_text":"export"}
âœ” testES6ModulesDefaultExportAssignmentExpr
{"identifier":true,"type":"import","value":"import","line":1,"character":7,"from":1,"raw_text":"import"}
âœ” testES6ModulesNameSpaceImportsAffectUnused
âœ” testES6TemplateLiterals
âœ” testES6TaggedTemplateLiterals
âœ” testES6TemplateLiteralsUnused
âœ” testES6TaggedTemplateLiteralsUnused
âœ” testES6TemplateLiteralsUndef
âœ” testES6TaggedTemplateLiteralsUndef
âœ” testES6TemplateLiteralMultiline
âœ” testES6TemplateLiteralsAreNotDirectives
âœ” testES6TemplateLiteralReturnValue
âœ” testES6TemplateLiteralMultilineReturnValue
âœ” testES6TaggedTemplateLiteralMultilineReturnValue
âœ” testES6TemplateLiteralMultilineReturnValueWithFunctionCall
âœ” testES6TaggedTemplateLiteralMultilineReturnValueWithFunctionCall
âœ” testMultilineReturnValueStringLiteral
{"identifier":true,"type":"export","value":"export","line":1,"character":7,"from":1,"raw_text":"export"}
{"identifier":true,"type":"export","value":"export","line":2,"character":7,"from":1,"raw_text":"export"}
{"identifier":true,"type":"export","value":"export","line":3,"character":7,"from":1,"raw_text":"export"}
âœ” testES6ExportStarFrom
âœ” testPotentialVariableLeak
âœ” testDefaultArguments
âœ” testDuplicateParamNames
âœ” testClonePassedObjects
âœ” testMagicProtoVariable
âœ” testColumnNumAfterNonStrictComparison
âœ” testArrayPrototypeExtensions
âœ” testIncorrectJsonDetection
[31mâœ– testEscapedReservedWords[39m

Assertion Message: [35m
  TestRun: [bold]{undefined}
  [yellow]{Errors defined, but not thrown by JSHINT}
 [bold]{Line 1, Char undefined} Expected an identifier and instead saw 'var' (a reserved word).
[39m
AssertionError: false == true
  TestRun: [bold]{undefined}
  [yellow]{Errors defined, but not thrown by JSHINT}
 [bold]{Line 1, Char undefined} Expected an identifier and instead saw 'var' (a reserved word).

    at Object.ok (/root/jshint/node_modules/nodeunit/lib/types.js:83:39)
    at Object.test (/root/jshint/tests/helpers/testhelper.js:133:12)
    at Object.exports.testEscapedReservedWords (/root/jshint/tests/unit/core.js:1675:6)
    at Object.<anonymous> (/root/jshint/node_modules/nodeunit/lib/core.js:236:16)
    at /root/jshint/node_modules/nodeunit/lib/core.js:236:16
    at Object.exports.runTest (/root/jshint/node_modules/nodeunit/lib/core.js:70:9)
    at /root/jshint/node_modules/nodeunit/lib/core.js:118:25
    at /root/jshint/node_modules/nodeunit/deps/async.js:513:13
    at iterate (/root/jshint/node_modules/nodeunit/deps/async.js:123:13)
    at /root/jshint/node_modules/nodeunit/deps/async.js:134:25
    at /root/jshint/node_modules/nodeunit/deps/async.js:515:17
    at Immediate.<anonymous> (/root/jshint/node_modules/nodeunit/lib/types.js:146:17)
    at runCallback (timers.js:781:20)
    at tryOnImmediate (timers.js:743:5)
    at processImmediate [as _immediateCallback] (timers.js:714:5)

âœ” testUnnamedFuncStatement
âœ” testUnCleanedForinifcheckneeded
âœ” testPermitEvalAsKey
âœ” beginningArraysAreNotJSON
âœ” labelsOutOfScope
âœ” labelThroughCatch
âœ” labelDoesNotExistInGlobalScope
âœ” labeledBreakWithoutLoop
âœ” labeledContinueWithoutLoop
âœ” unlabeledBreakWithoutLoop
âœ” unlabeledContinueWithoutLoop
âœ” labelsContinue
âœ” catchWithNoParam
âœ” tryWithoutCatch
âœ” gh-1920
âœ” duplicateProto
âœ” gh-2761
âœ” gh-2838
âœ” destructuring in setter parameter
âœ” TDZ within initializer of lexical declarations
{"identifier":true,"type":"extends","value":"extends","line":1,"character":22,"from":15,"raw_text":"extends"}
{"identifier":true,"type":"extends","value":"extends","line":2,"character":22,"from":15,"raw_text":"extends"}
{"identifier":true,"type":"extends","value":"extends","line":3,"character":22,"from":15,"raw_text":"extends"}
{"identifier":true,"type":"extends","value":"extends","line":4,"character":24,"from":17,"raw_text":"extends"}
{"identifier":true,"type":"extends","value":"extends","line":5,"character":24,"from":17,"raw_text":"extends"}
{"identifier":true,"type":"extends","value":"extends","line":6,"character":24,"from":17,"raw_text":"extends"}
{"identifier":true,"type":"class","value":"class","line":7,"character":6,"from":1,"raw_text":"class"}
{"identifier":true,"type":"class","value":"class","line":8,"character":6,"from":1,"raw_text":"class"}
{"identifier":true,"type":"class","value":"class","line":9,"character":6,"from":1,"raw_text":"class"}
[31mâœ– TDZ within class heritage definition[39m

TypeError: Cannot read property 'desc' of undefined
    at quit (/root/jshint/src/jshint.js:333:40)
    at Object.fud (/root/jshint/src/jshint.js:5070:13)
    at expression (/root/jshint/src/jshint.js:961:32)
    at statement (/root/jshint/src/jshint.js:2001:9)
    at statements (/root/jshint/src/jshint.js:2054:16)
    at itself (/root/jshint/src/jshint.js:5888:9)
    at Object.test (/root/jshint/tests/helpers/testhelper.js:54:19)
    at Object.exports.TDZ within class heritage definition (/root/jshint/tests/unit/core.js:2199:6)
    at Object.<anonymous> (/root/jshint/node_modules/nodeunit/lib/core.js:236:16)
    at /root/jshint/node_modules/nodeunit/lib/core.js:236:16
    at Object.exports.runTest (/root/jshint/node_modules/nodeunit/lib/core.js:70:9)
    at /root/jshint/node_modules/nodeunit/lib/core.js:118:25
    at /root/jshint/node_modules/nodeunit/deps/async.js:513:13
    at iterate (/root/jshint/node_modules/nodeunit/deps/async.js:123:13)
    at /root/jshint/node_modules/nodeunit/deps/async.js:134:25
    at /root/jshint/node_modules/nodeunit/deps/async.js:515:17

âœ” TDZ within for in/of head

[1menvs[22m
âœ” node
âœ” typed
âœ” es5
âœ” phantom
âœ” globals

[1mmodule-api[22m
âœ” test for GH-1103
âœ” identifiers

[1moptions[22m
âœ” shadow
âœ” shadowouter
âœ” shadowInline
âœ” shadowEs6
{"identifier":true,"type":"export","value":"export","line":65,"character":7,"from":1,"raw_text":"export"}
{"identifier":true,"type":"export","value":"export","line":66,"character":7,"from":1,"raw_text":"export"}
{"identifier":true,"type":"export","value":"export","line":67,"character":7,"from":1,"raw_text":"export"}
{"identifier":true,"type":"export","value":"export","line":68,"character":7,"from":1,"raw_text":"export"}
{"identifier":true,"type":"export","value":"export","line":69,"character":7,"from":1,"raw_text":"export"}
{"identifier":true,"type":"import","value":"import","line":75,"character":7,"from":1,"raw_text":"import"}
{"identifier":true,"type":"import","value":"import","line":76,"character":7,"from":1,"raw_text":"import"}
{"identifier":true,"type":"import","value":"import","line":77,"character":7,"from":1,"raw_text":"import"}
{"identifier":true,"type":"export","value":"export","line":65,"character":7,"from":1,"raw_text":"export"}
{"identifier":true,"type":"export","value":"export","line":66,"character":7,"from":1,"raw_text":"export"}
{"identifier":true,"type":"export","value":"export","line":67,"character":7,"from":1,"raw_text":"export"}
{"identifier":true,"type":"export","value":"export","line":68,"character":7,"from":1,"raw_text":"export"}
{"identifier":true,"type":"export","value":"export","line":69,"character":7,"from":1,"raw_text":"export"}
{"identifier":true,"type":"import","value":"import","line":75,"character":7,"from":1,"raw_text":"import"}
{"identifier":true,"type":"import","value":"import","line":76,"character":7,"from":1,"raw_text":"import"}
{"identifier":true,"type":"import","value":"import","line":77,"character":7,"from":1,"raw_text":"import"}
{"identifier":true,"type":"export","value":"export","line":65,"character":7,"from":1,"raw_text":"export"}
{"identifier":true,"type":"export","value":"export","line":66,"character":7,"from":1,"raw_text":"export"}
{"identifier":true,"type":"export","value":"export","line":67,"character":7,"from":1,"raw_text":"export"}
{"identifier":true,"type":"export","value":"export","line":68,"character":7,"from":1,"raw_text":"export"}
{"identifier":true,"type":"export","value":"export","line":69,"character":7,"from":1,"raw_text":"export"}
{"identifier":true,"type":"import","value":"import","line":75,"character":7,"from":1,"raw_text":"import"}
{"identifier":true,"type":"import","value":"import","line":76,"character":7,"from":1,"raw_text":"import"}
{"identifier":true,"type":"import","value":"import","line":77,"character":7,"from":1,"raw_text":"import"}
âœ” latedef
âœ” latedefInline
âœ” notypeof
âœ” combination of latedef and undef
âœ” undefwstrict
âœ” implied and unused should respect hoisting
âœ” testProtoAndIterator
âœ” testCamelcase
âœ” curly
âœ” noempty
âœ” noarg
âœ” nonew
âœ” shelljs
âœ” asi
âœ” safeasi
âœ” missing semicolons not influenced by asi
âœ” lastsemic
âœ” expr
âœ” undef
âœ” undefToOpMethods
âœ” undefDeleteStrict
âœ” unused - basic
âœ” unused - usedThroughShadowedDeclaration
âœ” unused - unusedThroughShadowedDeclaration
âœ” unused - hoisted
âœ” unused - crossBlocks
âœ” param overrides function name expression
[31mâœ– let can re-use function and class name[39m

Assertion Message: [35m
  TestRun: [bold]{undefined}
  [yellow]{Errors thrown by JSHINT, but not defined in test run}
  [bold]{Line 6, Char 14} Missing semicolon.
  [bold]{Line 6, Char 15} Expected an assignment or function call and instead saw an expression.
  [bold]{Line 6, Char 16} Missing semicolon.
  [bold]{Line 6, Char 33} Missing semicolon.
  [bold]{Line 6, Char 59} Unnecessary semicolon.
  [bold]{Line 6, Char 15} 'E' is not defined.
  [bold]{Line 6, Char 19} 'constructor' is not defined.
  [bold]{Line 6, Char 31} 'F' is not defined.
  [bold]{Line 6, Char 44} 'F' is not defined.
[39m
AssertionError: false == true
  TestRun: [bold]{undefined}
  [yellow]{Errors thrown by JSHINT, but not defined in test run}
  [bold]{Line 6, Char 14} Missing semicolon.
  [bold]{Line 6, Char 15} Expected an assignment or function call and instead saw an expression.
  [bold]{Line 6, Char 16} Missing semicolon.
  [bold]{Line 6, Char 33} Missing semicolon.
  [bold]{Line 6, Char 59} Unnecessary semicolon.
  [bold]{Line 6, Char 15} 'E' is not defined.
  [bold]{Line 6, Char 19} 'constructor' is not defined.
  [bold]{Line 6, Char 31} 'F' is not defined.
  [bold]{Line 6, Char 44} 'F' is not defined.

    at Object.ok (/root/jshint/node_modules/nodeunit/lib/types.js:83:39)
    at Object.test (/root/jshint/tests/helpers/testhelper.js:133:12)
    at Object.exports.let can re-use function and class name (/root/jshint/tests/unit/options.js:1053:6)
    at Object.<anonymous> (/root/jshint/node_modules/nodeunit/lib/core.js:236:16)
    at /root/jshint/node_modules/nodeunit/lib/core.js:236:16
    at Object.exports.runTest (/root/jshint/node_modules/nodeunit/lib/core.js:70:9)
    at /root/jshint/node_modules/nodeunit/lib/core.js:118:25
    at /root/jshint/node_modules/nodeunit/deps/async.js:513:13
    at iterate (/root/jshint/node_modules/nodeunit/deps/async.js:123:13)
    at /root/jshint/node_modules/nodeunit/deps/async.js:134:25
    at /root/jshint/node_modules/nodeunit/deps/async.js:515:17
    at Immediate.<anonymous> (/root/jshint/node_modules/nodeunit/lib/types.js:146:17)
    at runCallback (timers.js:781:20)
    at tryOnImmediate (timers.js:743:5)
    at processImmediate [as _immediateCallback] (timers.js:714:5)

âœ” unused with param destructuring
âœ” unused data with options
âœ” unused with global override
âœ” unused overrides
âœ” unused overrides esnext
âœ” unused with latedef function
âœ” undef in a function scope
âœ” scripturl
âœ” forin
[31mâœ– loopfunc[39m

Assertion Message: [35m
  TestRun: [bold]{undefined}
  [yellow]{Errors defined, but not thrown by JSHINT}
 [bold]{Line 14, Char undefined} Don't make functions within a loop.
  [yellow]{Errors thrown by JSHINT, but not defined in test run}
  [bold]{Line 14, Char 12} Missing semicolon.
  [bold]{Line 14, Char 28} Missing semicolon.
  [bold]{Line 14, Char 45} Unnecessary semicolon.
[39m
AssertionError: false == true
  TestRun: [bold]{undefined}
  [yellow]{Errors defined, but not thrown by JSHINT}
 [bold]{Line 14, Char undefined} Don't make functions within a loop.
  [yellow]{Errors thrown by JSHINT, but not defined in test run}
  [bold]{Line 14, Char 12} Missing semicolon.
  [bold]{Line 14, Char 28} Missing semicolon.
  [bold]{Line 14, Char 45} Unnecessary semicolon.

    at Object.ok (/root/jshint/node_modules/nodeunit/lib/types.js:83:39)
    at Object.test (/root/jshint/tests/helpers/testhelper.js:133:12)
    at Object.exports.loopfunc (/root/jshint/tests/unit/options.js:1397:6)
    at Object.<anonymous> (/root/jshint/node_modules/nodeunit/lib/core.js:236:16)
    at /root/jshint/node_modules/nodeunit/lib/core.js:236:16
    at Object.exports.runTest (/root/jshint/node_modules/nodeunit/lib/core.js:70:9)
    at /root/jshint/node_modules/nodeunit/lib/core.js:118:25
    at /root/jshint/node_modules/nodeunit/deps/async.js:513:13
    at iterate (/root/jshint/node_modules/nodeunit/deps/async.js:123:13)
    at /root/jshint/node_modules/nodeunit/deps/async.js:134:25
    at /root/jshint/node_modules/nodeunit/deps/async.js:515:17
    at Immediate.<anonymous> (/root/jshint/node_modules/nodeunit/lib/types.js:146:17)
    at runCallback (timers.js:781:20)
    at tryOnImmediate (timers.js:743:5)
    at processImmediate [as _immediateCallback] (timers.js:714:5)

âœ” boss
âœ” eqnull
âœ” supernew
âœ” bitwise
âœ” debug
âœ” eqeqeq
âœ” evil
âœ” immed
âœ” plusplus
âœ” newcap
âœ” sub
âœ” strict
âœ” strictEnvs
âœ” strictNoise
âœ” globalstrict
âœ” laxbreak
âœ” validthis
âœ” strings
âœ” quotes
âœ” quotesInline
âœ” quotesAndTemplateLiterals
âœ” scope - basic
âœ” scope - crossBlocks
âœ” esnext
âœ” mozAndEs6
âœ” maxlen
âœ” laxcomma
âœ” browser
âœ” unnecessarysemicolon
âœ” blacklist
âœ” maxstatements
âœ” maxdepth
âœ” maxparams
âœ” maxcomplexity
âœ” fnmetrics
âœ” ignored
âœ” unignored
âœ” per-line undef / -W117
âœ” freeze
âœ” nonbsp
âœ” nocomma
âœ” enforceall
âœ” removeglobal
âœ” ignoreDelimiters
âœ” esnextPredefs
âœ” singleGroups - loneIdentifier
âœ” singleGroups - neighborless
âœ” singleGroups - bindingPower - singleExpr
âœ” singleGroups - bindingPower - multiExpr
âœ” singleGroups - multiExpr
âœ” singleGroups - concatenation
âœ” singleGroups - functionExpression
âœ” singleGroups - generatorExpression
âœ” singleGroups - yield
âœ” singleGroups - arrowFunctions
âœ” singleGroups - exponentiation
âœ” singleGroups - objectLiterals
âœ” singleGroups - newLine
âœ” singleGroups - lineNumber
âœ” singleGroups - unary
âœ” singleGroups - numberLiterals
âœ” singleGroups - postfix
âœ” singleGroups - destructuringAssign
âœ” elision
âœ” badInlineOptionValue
âœ” futureHostile
âœ” varstmt
[31mâœ– module - behavior[39m

Assertion Message: [35m
  TestRun: [bold]{undefined}
  [yellow]{Errors defined, but not thrown by JSHINT}
 [bold]{Line 1, Char undefined} Expected an identifier and instead saw 'package' (a reserved word).
[39m
AssertionError: false == true
  TestRun: [bold]{undefined}
  [yellow]{Errors defined, but not thrown by JSHINT}
 [bold]{Line 1, Char undefined} Expected an identifier and instead saw 'package' (a reserved word).

    at Object.ok (/root/jshint/node_modules/nodeunit/lib/types.js:83:39)
    at Object.test (/root/jshint/tests/helpers/testhelper.js:133:12)
    at Object.exports.module.behavior (/root/jshint/tests/unit/options.js:3749:6)
    at Object.<anonymous> (/root/jshint/node_modules/nodeunit/lib/core.js:236:16)
    at Object.<anonymous> (/root/jshint/node_modules/nodeunit/lib/core.js:236:16)
    at /root/jshint/node_modules/nodeunit/lib/core.js:236:16
    at Object.exports.runTest (/root/jshint/node_modules/nodeunit/lib/core.js:70:9)
    at /root/jshint/node_modules/nodeunit/lib/core.js:118:25
    at /root/jshint/node_modules/nodeunit/deps/async.js:513:13
    at iterate (/root/jshint/node_modules/nodeunit/deps/async.js:123:13)
    at async.forEachSeries (/root/jshint/node_modules/nodeunit/deps/async.js:139:9)
    at _concat (/root/jshint/node_modules/nodeunit/deps/async.js:512:9)
    at Object.concatSeries (/root/jshint/node_modules/nodeunit/deps/async.js:152:23)
    at Object.exports.runSuite (/root/jshint/node_modules/nodeunit/lib/core.js:96:11)
    at /root/jshint/node_modules/nodeunit/lib/core.js:125:21
    at /root/jshint/node_modules/nodeunit/deps/async.js:513:13

Assertion Message: [35m
  TestRun: [bold]{undefined}
  [yellow]{Errors defined, but not thrown by JSHINT}
 [bold]{Line 1, Char undefined} Expected an identifier and instead saw 'package' (a reserved word).
[39m
AssertionError: false == true
  TestRun: [bold]{undefined}
  [yellow]{Errors defined, but not thrown by JSHINT}
 [bold]{Line 1, Char undefined} Expected an identifier and instead saw 'package' (a reserved word).

    at Object.ok (/root/jshint/node_modules/nodeunit/lib/types.js:83:39)
    at Object.test (/root/jshint/tests/helpers/testhelper.js:133:12)
    at Object.exports.module.behavior (/root/jshint/tests/unit/options.js:3754:6)
    at Object.<anonymous> (/root/jshint/node_modules/nodeunit/lib/core.js:236:16)
    at Object.<anonymous> (/root/jshint/node_modules/nodeunit/lib/core.js:236:16)
    at /root/jshint/node_modules/nodeunit/lib/core.js:236:16
    at Object.exports.runTest (/root/jshint/node_modules/nodeunit/lib/core.js:70:9)
    at /root/jshint/node_modules/nodeunit/lib/core.js:118:25
    at /root/jshint/node_modules/nodeunit/deps/async.js:513:13
    at iterate (/root/jshint/node_modules/nodeunit/deps/async.js:123:13)
    at async.forEachSeries (/root/jshint/node_modules/nodeunit/deps/async.js:139:9)
    at _concat (/root/jshint/node_modules/nodeunit/deps/async.js:512:9)
    at Object.concatSeries (/root/jshint/node_modules/nodeunit/deps/async.js:152:23)
    at Object.exports.runSuite (/root/jshint/node_modules/nodeunit/lib/core.js:96:11)
    at /root/jshint/node_modules/nodeunit/lib/core.js:125:21
    at /root/jshint/node_modules/nodeunit/deps/async.js:513:13

Assertion Message: [35m
  TestRun: [bold]{undefined}
  [yellow]{Errors defined, but not thrown by JSHINT}
 [bold]{Line 2, Char undefined} Expected an identifier and instead saw 'package' (a reserved word).
[39m
AssertionError: false == true
  TestRun: [bold]{undefined}
  [yellow]{Errors defined, but not thrown by JSHINT}
 [bold]{Line 2, Char undefined} Expected an identifier and instead saw 'package' (a reserved word).

    at Object.ok (/root/jshint/node_modules/nodeunit/lib/types.js:83:39)
    at Object.test (/root/jshint/tests/helpers/testhelper.js:133:12)
    at Object.exports.module.behavior (/root/jshint/tests/unit/options.js:3766:6)
    at Object.<anonymous> (/root/jshint/node_modules/nodeunit/lib/core.js:236:16)
    at Object.<anonymous> (/root/jshint/node_modules/nodeunit/lib/core.js:236:16)
    at /root/jshint/node_modules/nodeunit/lib/core.js:236:16
    at Object.exports.runTest (/root/jshint/node_modules/nodeunit/lib/core.js:70:9)
    at /root/jshint/node_modules/nodeunit/lib/core.js:118:25
    at /root/jshint/node_modules/nodeunit/deps/async.js:513:13
    at iterate (/root/jshint/node_modules/nodeunit/deps/async.js:123:13)
    at async.forEachSeries (/root/jshint/node_modules/nodeunit/deps/async.js:139:9)
    at _concat (/root/jshint/node_modules/nodeunit/deps/async.js:512:9)
    at Object.concatSeries (/root/jshint/node_modules/nodeunit/deps/async.js:152:23)
    at Object.exports.runSuite (/root/jshint/node_modules/nodeunit/lib/core.js:96:11)
    at /root/jshint/node_modules/nodeunit/lib/core.js:125:21
    at /root/jshint/node_modules/nodeunit/deps/async.js:513:13

Assertion Message: [35m
  TestRun: [bold]{undefined}
  [yellow]{Errors defined, but not thrown by JSHINT}
 [bold]{Line 2, Char undefined} Expected an identifier and instead saw 'package' (a reserved word).
[39m
AssertionError: false == true
  TestRun: [bold]{undefined}
  [yellow]{Errors defined, but not thrown by JSHINT}
 [bold]{Line 2, Char undefined} Expected an identifier and instead saw 'package' (a reserved word).

    at Object.ok (/root/jshint/node_modules/nodeunit/lib/types.js:83:39)
    at Object.test (/root/jshint/tests/helpers/testhelper.js:133:12)
    at Object.exports.module.behavior (/root/jshint/tests/unit/options.js:3773:6)
    at Object.<anonymous> (/root/jshint/node_modules/nodeunit/lib/core.js:236:16)
    at Object.<anonymous> (/root/jshint/node_modules/nodeunit/lib/core.js:236:16)
    at /root/jshint/node_modules/nodeunit/lib/core.js:236:16
    at Object.exports.runTest (/root/jshint/node_modules/nodeunit/lib/core.js:70:9)
    at /root/jshint/node_modules/nodeunit/lib/core.js:118:25
    at /root/jshint/node_modules/nodeunit/deps/async.js:513:13
    at iterate (/root/jshint/node_modules/nodeunit/deps/async.js:123:13)
    at async.forEachSeries (/root/jshint/node_modules/nodeunit/deps/async.js:139:9)
    at _concat (/root/jshint/node_modules/nodeunit/deps/async.js:512:9)
    at Object.concatSeries (/root/jshint/node_modules/nodeunit/deps/async.js:152:23)
    at Object.exports.runSuite (/root/jshint/node_modules/nodeunit/lib/core.js:96:11)
    at /root/jshint/node_modules/nodeunit/lib/core.js:125:21
    at /root/jshint/node_modules/nodeunit/deps/async.js:513:13

âœ” module - declarationRestrictions
âœ” module - newcap
{"identifier":true,"type":"await","value":"await","line":1,"character":6,"from":1,"raw_text":"await"}
[31mâœ– module - await[39m

Assertion Message: [35m
  TestRun: [bold]{undefined}
  [yellow]{Errors defined, but not thrown by JSHINT}
 [bold]{Line 1, Char undefined} Expected an identifier and instead saw 'await' (a reserved word).
[39m
AssertionError: false == true
  TestRun: [bold]{undefined}
  [yellow]{Errors defined, but not thrown by JSHINT}
 [bold]{Line 1, Char undefined} Expected an identifier and instead saw 'await' (a reserved word).

    at Object.ok (/root/jshint/node_modules/nodeunit/lib/types.js:83:39)
    at Object.test (/root/jshint/tests/helpers/testhelper.js:133:12)
    at Object.exports.module.await (/root/jshint/tests/unit/options.js:3888:6)
    at Object.<anonymous> (/root/jshint/node_modules/nodeunit/lib/core.js:236:16)
    at Object.<anonymous> (/root/jshint/node_modules/nodeunit/lib/core.js:236:16)
    at /root/jshint/node_modules/nodeunit/lib/core.js:236:16
    at Object.exports.runTest (/root/jshint/node_modules/nodeunit/lib/core.js:70:9)
    at /root/jshint/node_modules/nodeunit/lib/core.js:118:25
    at /root/jshint/node_modules/nodeunit/deps/async.js:513:13
    at iterate (/root/jshint/node_modules/nodeunit/deps/async.js:123:13)
    at /root/jshint/node_modules/nodeunit/deps/async.js:134:25
    at /root/jshint/node_modules/nodeunit/deps/async.js:515:17
    at Immediate.<anonymous> (/root/jshint/node_modules/nodeunit/lib/types.js:146:17)
    at runCallback (timers.js:781:20)
    at tryOnImmediate (timers.js:743:5)
    at processImmediate [as _immediateCallback] (timers.js:714:5)

Assertion Message: [35m
  TestRun: [bold]{undefined}
  [yellow]{Errors defined, but not thrown by JSHINT}
 [bold]{Line 1, Char undefined} Expected an identifier and instead saw 'await' (a reserved word).
[39m
AssertionError: false == true
  TestRun: [bold]{undefined}
  [yellow]{Errors defined, but not thrown by JSHINT}
 [bold]{Line 1, Char undefined} Expected an identifier and instead saw 'await' (a reserved word).

    at Object.ok (/root/jshint/node_modules/nodeunit/lib/types.js:83:39)
    at Object.test (/root/jshint/tests/helpers/testhelper.js:133:12)
    at Object.exports.module.await (/root/jshint/tests/unit/options.js:3892:6)
    at Object.<anonymous> (/root/jshint/node_modules/nodeunit/lib/core.js:236:16)
    at Object.<anonymous> (/root/jshint/node_modules/nodeunit/lib/core.js:236:16)
    at /root/jshint/node_modules/nodeunit/lib/core.js:236:16
    at Object.exports.runTest (/root/jshint/node_modules/nodeunit/lib/core.js:70:9)
    at /root/jshint/node_modules/nodeunit/lib/core.js:118:25
    at /root/jshint/node_modules/nodeunit/deps/async.js:513:13
    at iterate (/root/jshint/node_modules/nodeunit/deps/async.js:123:13)
    at /root/jshint/node_modules/nodeunit/deps/async.js:134:25
    at /root/jshint/node_modules/nodeunit/deps/async.js:515:17
    at Immediate.<anonymous> (/root/jshint/node_modules/nodeunit/lib/types.js:146:17)
    at runCallback (timers.js:781:20)
    at tryOnImmediate (timers.js:743:5)
    at processImmediate [as _immediateCallback] (timers.js:714:5)

Assertion Message: [35m
  TestRun: [bold]{undefined}
  [yellow]{Errors defined, but not thrown by JSHINT}
 [bold]{Line 1, Char undefined} Expected an identifier and instead saw 'await' (a reserved word).
  [yellow]{Errors thrown by JSHINT, but not defined in test run}
  [bold]{Line 1, Char 1} Expected an assignment or function call and instead saw an expression.
  [bold]{Line 1, Char 6} Missing semicolon.
  [bold]{Line 1, Char 1} Unrecoverable syntax error. (100% scanned).
[39m
AssertionError: false == true
  TestRun: [bold]{undefined}
  [yellow]{Errors defined, but not thrown by JSHINT}
 [bold]{Line 1, Char undefined} Expected an identifier and instead saw 'await' (a reserved word).
  [yellow]{Errors thrown by JSHINT, but not defined in test run}
  [bold]{Line 1, Char 1} Expected an assignment or function call and instead saw an expression.
  [bold]{Line 1, Char 6} Missing semicolon.
  [bold]{Line 1, Char 1} Unrecoverable syntax error. (100% scanned).

    at Object.ok (/root/jshint/node_modules/nodeunit/lib/types.js:83:39)
    at Object.test (/root/jshint/tests/helpers/testhelper.js:133:12)
    at Object.exports.module.await (/root/jshint/tests/unit/options.js:3896:6)
    at Object.<anonymous> (/root/jshint/node_modules/nodeunit/lib/core.js:236:16)
    at Object.<anonymous> (/root/jshint/node_modules/nodeunit/lib/core.js:236:16)
    at /root/jshint/node_modules/nodeunit/lib/core.js:236:16
    at Object.exports.runTest (/root/jshint/node_modules/nodeunit/lib/core.js:70:9)
    at /root/jshint/node_modules/nodeunit/lib/core.js:118:25
    at /root/jshint/node_modules/nodeunit/deps/async.js:513:13
    at iterate (/root/jshint/node_modules/nodeunit/deps/async.js:123:13)
    at /root/jshint/node_modules/nodeunit/deps/async.js:134:25
    at /root/jshint/node_modules/nodeunit/deps/async.js:515:17
    at Immediate.<anonymous> (/root/jshint/node_modules/nodeunit/lib/types.js:146:17)
    at runCallback (timers.js:781:20)
    at tryOnImmediate (timers.js:743:5)
    at processImmediate [as _immediateCallback] (timers.js:714:5)

{"identifier":true,"type":"class","value":"class","line":3,"character":6,"from":1,"raw_text":"class"}
{"identifier":true,"type":"class","value":"class","line":3,"character":6,"from":1,"raw_text":"class"}
{"identifier":true,"type":"class","value":"class","line":3,"character":6,"from":1,"raw_text":"class"}
[31mâœ– esversion[39m

Assertion Message: [35m
  TestRun: [bold]{compatible option specified in-line}
  [yellow]{Errors thrown by JSHINT, but not defined in test run}
  [bold]{Line 3, Char 1} Expected an identifier and instead saw 'class' (a reserved word).
  [bold]{Line 3, Char 11} Missing semicolon.
[39m
AssertionError: false == true
  TestRun: [bold]{compatible option specified in-line}
  [yellow]{Errors thrown by JSHINT, but not defined in test run}
  [bold]{Line 3, Char 1} Expected an identifier and instead saw 'class' (a reserved word).
  [bold]{Line 3, Char 11} Missing semicolon.

    at Object.ok (/root/jshint/node_modules/nodeunit/lib/types.js:83:39)
    at Object.test (/root/jshint/tests/helpers/testhelper.js:133:12)
    at Object.exports.esversion (/root/jshint/tests/unit/options.js:4009:6)
    at Object.<anonymous> (/root/jshint/node_modules/nodeunit/lib/core.js:236:16)
    at /root/jshint/node_modules/nodeunit/lib/core.js:236:16
    at Object.exports.runTest (/root/jshint/node_modules/nodeunit/lib/core.js:70:9)
    at /root/jshint/node_modules/nodeunit/lib/core.js:118:25
    at /root/jshint/node_modules/nodeunit/deps/async.js:513:13
    at iterate (/root/jshint/node_modules/nodeunit/deps/async.js:123:13)
    at /root/jshint/node_modules/nodeunit/deps/async.js:134:25
    at /root/jshint/node_modules/nodeunit/deps/async.js:515:17
    at /root/jshint/node_modules/nodeunit/deps/async.js:518:13
    at /root/jshint/node_modules/nodeunit/deps/async.js:131:25
    at /root/jshint/node_modules/nodeunit/deps/async.js:515:17
    at Immediate.<anonymous> (/root/jshint/node_modules/nodeunit/lib/types.js:146:17)
    at runCallback (timers.js:781:20)

Assertion Message: [35m
  TestRun: [bold]{compatible option specified in-line}
  [yellow]{Errors thrown by JSHINT, but not defined in test run}
  [bold]{Line 3, Char 1} Expected an identifier and instead saw 'class' (a reserved word).
  [bold]{Line 3, Char 11} Missing semicolon.
[39m
AssertionError: false == true
  TestRun: [bold]{compatible option specified in-line}
  [yellow]{Errors thrown by JSHINT, but not defined in test run}
  [bold]{Line 3, Char 1} Expected an identifier and instead saw 'class' (a reserved word).
  [bold]{Line 3, Char 11} Missing semicolon.

    at Object.ok (/root/jshint/node_modules/nodeunit/lib/types.js:83:39)
    at Object.test (/root/jshint/tests/helpers/testhelper.js:133:12)
    at Object.exports.esversion (/root/jshint/tests/unit/options.js:4013:6)
    at Object.<anonymous> (/root/jshint/node_modules/nodeunit/lib/core.js:236:16)
    at /root/jshint/node_modules/nodeunit/lib/core.js:236:16
    at Object.exports.runTest (/root/jshint/node_modules/nodeunit/lib/core.js:70:9)
    at /root/jshint/node_modules/nodeunit/lib/core.js:118:25
    at /root/jshint/node_modules/nodeunit/deps/async.js:513:13
    at iterate (/root/jshint/node_modules/nodeunit/deps/async.js:123:13)
    at /root/jshint/node_modules/nodeunit/deps/async.js:134:25
    at /root/jshint/node_modules/nodeunit/deps/async.js:515:17
    at /root/jshint/node_modules/nodeunit/deps/async.js:518:13
    at /root/jshint/node_modules/nodeunit/deps/async.js:131:25
    at /root/jshint/node_modules/nodeunit/deps/async.js:515:17
    at Immediate.<anonymous> (/root/jshint/node_modules/nodeunit/lib/types.js:146:17)
    at runCallback (timers.js:781:20)

Assertion Message: [35m
  TestRun: [bold]{compatible option specified in-line}
  [yellow]{Errors thrown by JSHINT, but not defined in test run}
  [bold]{Line 3, Char 11} Missing semicolon.
[39m
AssertionError: false == true
  TestRun: [bold]{compatible option specified in-line}
  [yellow]{Errors thrown by JSHINT, but not defined in test run}
  [bold]{Line 3, Char 11} Missing semicolon.

    at Object.ok (/root/jshint/node_modules/nodeunit/lib/types.js:83:39)
    at Object.test (/root/jshint/tests/helpers/testhelper.js:133:12)
    at Object.exports.esversion (/root/jshint/tests/unit/options.js:4016:6)
    at Object.<anonymous> (/root/jshint/node_modules/nodeunit/lib/core.js:236:16)
    at /root/jshint/node_modules/nodeunit/lib/core.js:236:16
    at Object.exports.runTest (/root/jshint/node_modules/nodeunit/lib/core.js:70:9)
    at /root/jshint/node_modules/nodeunit/lib/core.js:118:25
    at /root/jshint/node_modules/nodeunit/deps/async.js:513:13
    at iterate (/root/jshint/node_modules/nodeunit/deps/async.js:123:13)
    at /root/jshint/node_modules/nodeunit/deps/async.js:134:25
    at /root/jshint/node_modules/nodeunit/deps/async.js:515:17
    at /root/jshint/node_modules/nodeunit/deps/async.js:518:13
    at /root/jshint/node_modules/nodeunit/deps/async.js:131:25
    at /root/jshint/node_modules/nodeunit/deps/async.js:515:17
    at Immediate.<anonymous> (/root/jshint/node_modules/nodeunit/lib/types.js:146:17)
    at runCallback (timers.js:781:20)

âœ” trailingcomma
âœ” unstable
âœ” leanswitch

[1mparser[22m
âœ” unsafe
âœ” peekOverDirectives
âœ” other
âœ” confusingOps
âœ” division
âœ” plusplus
âœ” assignment
âœ” relations
âœ” options
âœ” emptyDirectives
âœ” jshint option comments single line
âœ” jshint option comments single line, leading and trailing space
âœ” jshint option comments multi line
âœ” jshint option comments multi line, leading and trailing space
âœ” jshint option comments multi line/option
âœ” jshint option comments multi line/option, leading and trailing space
âœ” shebang
âœ” shebangImpliesNode
âœ” numbers
âœ” comments
âœ” regexp
âœ” testRegexRegressions
âœ” regexpSticky
âœ” strings
âœ” badStrings
âœ” ownProperty
âœ” json - dflt
âœ” json - deep
âœ” json - errors
âœ” json - semicolon
âœ” comma
âœ” gh-2587
âœ” badAssignments
âœ” withStatement
âœ” blocks
{"identifier":true,"type":"export","value":"export","line":76,"character":7,"from":1,"raw_text":"export"}
[31mâœ– functionCharacterLocation[39m

AssertionError: 34 == 27
    at Object.equal (/root/jshint/node_modules/nodeunit/lib/types.js:83:39)
    at Object.exports.functionCharacterLocation (/root/jshint/tests/unit/parser.js:1182:8)
    at Object.<anonymous> (/root/jshint/node_modules/nodeunit/lib/core.js:236:16)
    at /root/jshint/node_modules/nodeunit/lib/core.js:236:16
    at Object.exports.runTest (/root/jshint/node_modules/nodeunit/lib/core.js:70:9)
    at /root/jshint/node_modules/nodeunit/lib/core.js:118:25
    at /root/jshint/node_modules/nodeunit/deps/async.js:513:13
    at iterate (/root/jshint/node_modules/nodeunit/deps/async.js:123:13)
    at /root/jshint/node_modules/nodeunit/deps/async.js:134:25
    at /root/jshint/node_modules/nodeunit/deps/async.js:515:17
    at Immediate.<anonymous> (/root/jshint/node_modules/nodeunit/lib/types.js:146:17)
    at runCallback (timers.js:781:20)
    at tryOnImmediate (timers.js:743:5)
    at processImmediate [as _immediateCallback] (timers.js:714:5)

AssertionError: 'VarDeclClass' == '(empty)'
    at Object.equal (/root/jshint/node_modules/nodeunit/lib/types.js:83:39)
    at Object.exports.functionCharacterLocation (/root/jshint/tests/unit/parser.js:1184:10)
    at Object.<anonymous> (/root/jshint/node_modules/nodeunit/lib/core.js:236:16)
    at /root/jshint/node_modules/nodeunit/lib/core.js:236:16
    at Object.exports.runTest (/root/jshint/node_modules/nodeunit/lib/core.js:70:9)
    at /root/jshint/node_modules/nodeunit/lib/core.js:118:25
    at /root/jshint/node_modules/nodeunit/deps/async.js:513:13
    at iterate (/root/jshint/node_modules/nodeunit/deps/async.js:123:13)
    at /root/jshint/node_modules/nodeunit/deps/async.js:134:25
    at /root/jshint/node_modules/nodeunit/deps/async.js:515:17
    at Immediate.<anonymous> (/root/jshint/node_modules/nodeunit/lib/types.js:146:17)
    at runCallback (timers.js:781:20)
    at tryOnImmediate (timers.js:743:5)
    at processImmediate [as _immediateCallback] (timers.js:714:5)

AssertionError: 65 == 74
    at Object.equal (/root/jshint/node_modules/nodeunit/lib/types.js:83:39)
    at Object.exports.functionCharacterLocation (/root/jshint/tests/unit/parser.js:1185:10)
    at Object.<anonymous> (/root/jshint/node_modules/nodeunit/lib/core.js:236:16)
    at /root/jshint/node_modules/nodeunit/lib/core.js:236:16
    at Object.exports.runTest (/root/jshint/node_modules/nodeunit/lib/core.js:70:9)
    at /root/jshint/node_modules/nodeunit/lib/core.js:118:25
    at /root/jshint/node_modules/nodeunit/deps/async.js:513:13
    at iterate (/root/jshint/node_modules/nodeunit/deps/async.js:123:13)
    at /root/jshint/node_modules/nodeunit/deps/async.js:134:25
    at /root/jshint/node_modules/nodeunit/deps/async.js:515:17
    at Immediate.<anonymous> (/root/jshint/node_modules/nodeunit/lib/types.js:146:17)
    at runCallback (timers.js:781:20)
    at tryOnImmediate (timers.js:743:5)
    at processImmediate [as _immediateCallback] (timers.js:714:5)

AssertionError: 15 == 26
    at Object.equal (/root/jshint/node_modules/nodeunit/lib/types.js:83:39)
    at Object.exports.functionCharacterLocation (/root/jshint/tests/unit/parser.js:1186:10)
    at Object.<anonymous> (/root/jshint/node_modules/nodeunit/lib/core.js:236:16)
    at /root/jshint/node_modules/nodeunit/lib/core.js:236:16
    at Object.exports.runTest (/root/jshint/node_modules/nodeunit/lib/core.js:70:9)
    at /root/jshint/node_modules/nodeunit/lib/core.js:118:25
    at /root/jshint/node_modules/nodeunit/deps/async.js:513:13
    at iterate (/root/jshint/node_modules/nodeunit/deps/async.js:123:13)
    at /root/jshint/node_modules/nodeunit/deps/async.js:134:25
    at /root/jshint/node_modules/nodeunit/deps/async.js:515:17
    at Immediate.<anonymous> (/root/jshint/node_modules/nodeunit/lib/types.js:146:17)
    at runCallback (timers.js:781:20)
    at tryOnImmediate (timers.js:743:5)
    at processImmediate [as _immediateCallback] (timers.js:714:5)

AssertionError: 65 == 74
    at Object.equal (/root/jshint/node_modules/nodeunit/lib/types.js:83:39)
    at Object.exports.functionCharacterLocation (/root/jshint/tests/unit/parser.js:1187:10)
    at Object.<anonymous> (/root/jshint/node_modules/nodeunit/lib/core.js:236:16)
    at /root/jshint/node_modules/nodeunit/lib/core.js:236:16
    at Object.exports.runTest (/root/jshint/node_modules/nodeunit/lib/core.js:70:9)
    at /root/jshint/node_modules/nodeunit/lib/core.js:118:25
    at /root/jshint/node_modules/nodeunit/deps/async.js:513:13
    at iterate (/root/jshint/node_modules/nodeunit/deps/async.js:123:13)
    at /root/jshint/node_modules/nodeunit/deps/async.js:134:25
    at /root/jshint/node_modules/nodeunit/deps/async.js:515:17
    at Immediate.<anonymous> (/root/jshint/node_modules/nodeunit/lib/types.js:146:17)
    at runCallback (timers.js:781:20)
    at tryOnImmediate (timers.js:743:5)
    at processImmediate [as _immediateCallback] (timers.js:714:5)

AssertionError: 19 == 30
    at Object.equal (/root/jshint/node_modules/nodeunit/lib/types.js:83:39)
    at Object.exports.functionCharacterLocation (/root/jshint/tests/unit/parser.js:1188:10)
    at Object.<anonymous> (/root/jshint/node_modules/nodeunit/lib/core.js:236:16)
    at /root/jshint/node_modules/nodeunit/lib/core.js:236:16
    at Object.exports.runTest (/root/jshint/node_modules/nodeunit/lib/core.js:70:9)
    at /root/jshint/node_modules/nodeunit/lib/core.js:118:25
    at /root/jshint/node_modules/nodeunit/deps/async.js:513:13
    at iterate (/root/jshint/node_modules/nodeunit/deps/async.js:123:13)
    at /root/jshint/node_modules/nodeunit/deps/async.js:134:25
    at /root/jshint/node_modules/nodeunit/deps/async.js:515:17
    at Immediate.<anonymous> (/root/jshint/node_modules/nodeunit/lib/types.js:146:17)
    at runCallback (timers.js:781:20)
    at tryOnImmediate (timers.js:743:5)
    at processImmediate [as _immediateCallback] (timers.js:714:5)

AssertionError: 'func' == 'default'
    at Object.equal (/root/jshint/node_modules/nodeunit/lib/types.js:83:39)
    at Object.exports.functionCharacterLocation (/root/jshint/tests/unit/parser.js:1184:10)
    at Object.<anonymous> (/root/jshint/node_modules/nodeunit/lib/core.js:236:16)
    at /root/jshint/node_modules/nodeunit/lib/core.js:236:16
    at Object.exports.runTest (/root/jshint/node_modules/nodeunit/lib/core.js:70:9)
    at /root/jshint/node_modules/nodeunit/lib/core.js:118:25
    at /root/jshint/node_modules/nodeunit/deps/async.js:513:13
    at iterate (/root/jshint/node_modules/nodeunit/deps/async.js:123:13)
    at /root/jshint/node_modules/nodeunit/deps/async.js:134:25
    at /root/jshint/node_modules/nodeunit/deps/async.js:515:17
    at Immediate.<anonymous> (/root/jshint/node_modules/nodeunit/lib/types.js:146:17)
    at runCallback (timers.js:781:20)
    at tryOnImmediate (timers.js:743:5)
    at processImmediate [as _immediateCallback] (timers.js:714:5)

AssertionError: 66 == 76
    at Object.equal (/root/jshint/node_modules/nodeunit/lib/types.js:83:39)
    at Object.exports.functionCharacterLocation (/root/jshint/tests/unit/parser.js:1185:10)
    at Object.<anonymous> (/root/jshint/node_modules/nodeunit/lib/core.js:236:16)
    at /root/jshint/node_modules/nodeunit/lib/core.js:236:16
    at Object.exports.runTest (/root/jshint/node_modules/nodeunit/lib/core.js:70:9)
    at /root/jshint/node_modules/nodeunit/lib/core.js:118:25
    at /root/jshint/node_modules/nodeunit/deps/async.js:513:13
    at iterate (/root/jshint/node_modules/nodeunit/deps/async.js:123:13)
    at /root/jshint/node_modules/nodeunit/deps/async.js:134:25
    at /root/jshint/node_modules/nodeunit/deps/async.js:515:17
    at Immediate.<anonymous> (/root/jshint/node_modules/nodeunit/lib/types.js:146:17)
    at runCallback (timers.js:781:20)
    at tryOnImmediate (timers.js:743:5)
    at processImmediate [as _immediateCallback] (timers.js:714:5)

AssertionError: 15 == 25
    at Object.equal (/root/jshint/node_modules/nodeunit/lib/types.js:83:39)
    at Object.exports.functionCharacterLocation (/root/jshint/tests/unit/parser.js:1186:10)
    at Object.<anonymous> (/root/jshint/node_modules/nodeunit/lib/core.js:236:16)
    at /root/jshint/node_modules/nodeunit/lib/core.js:236:16
    at Object.exports.runTest (/root/jshint/node_modules/nodeunit/lib/core.js:70:9)
    at /root/jshint/node_modules/nodeunit/lib/core.js:118:25
    at /root/jshint/node_modules/nodeunit/deps/async.js:513:13
    at iterate (/root/jshint/node_modules/nodeunit/deps/async.js:123:13)
    at /root/jshint/node_modules/nodeunit/deps/async.js:134:25
    at /root/jshint/node_modules/nodeunit/deps/async.js:515:17
    at Immediate.<anonymous> (/root/jshint/node_modules/nodeunit/lib/types.js:146:17)
    at runCallback (timers.js:781:20)
    at tryOnImmediate (timers.js:743:5)
    at processImmediate [as _immediateCallback] (timers.js:714:5)

AssertionError: 66 == 76
    at Object.equal (/root/jshint/node_modules/nodeunit/lib/types.js:83:39)
    at Object.exports.functionCharacterLocation (/root/jshint/tests/unit/parser.js:1187:10)
    at Object.<anonymous> (/root/jshint/node_modules/nodeunit/lib/core.js:236:16)
    at /root/jshint/node_modules/nodeunit/lib/core.js:236:16
    at Object.exports.runTest (/root/jshint/node_modules/nodeunit/lib/core.js:70:9)
    at /root/jshint/node_modules/nodeunit/lib/core.js:118:25
    at /root/jshint/node_modules/nodeunit/deps/async.js:513:13
    at iterate (/root/jshint/node_modules/nodeunit/deps/async.js:123:13)
    at /root/jshint/node_modules/nodeunit/deps/async.js:134:25
    at /root/jshint/node_modules/nodeunit/deps/async.js:515:17
    at Immediate.<anonymous> (/root/jshint/node_modules/nodeunit/lib/types.js:146:17)
    at runCallback (timers.js:781:20)
    at tryOnImmediate (timers.js:743:5)
    at processImmediate [as _immediateCallback] (timers.js:714:5)

AssertionError: 19 == 29
    at Object.equal (/root/jshint/node_modules/nodeunit/lib/types.js:83:39)
    at Object.exports.functionCharacterLocation (/root/jshint/tests/unit/parser.js:1188:10)
    at Object.<anonymous> (/root/jshint/node_modules/nodeunit/lib/core.js:236:16)
    at /root/jshint/node_modules/nodeunit/lib/core.js:236:16
    at Object.exports.runTest (/root/jshint/node_modules/nodeunit/lib/core.js:70:9)
    at /root/jshint/node_modules/nodeunit/lib/core.js:118:25
    at /root/jshint/node_modules/nodeunit/deps/async.js:513:13
    at iterate (/root/jshint/node_modules/nodeunit/deps/async.js:123:13)
    at /root/jshint/node_modules/nodeunit/deps/async.js:134:25
    at /root/jshint/node_modules/nodeunit/deps/async.js:515:17
    at Immediate.<anonymous> (/root/jshint/node_modules/nodeunit/lib/types.js:146:17)
    at runCallback (timers.js:781:20)
    at tryOnImmediate (timers.js:743:5)
    at processImmediate [as _immediateCallback] (timers.js:714:5)

TypeError: Cannot read property 'name' of undefined
    at Object.exports.functionCharacterLocation (/root/jshint/tests/unit/parser.js:1184:44)
    at Object.<anonymous> (/root/jshint/node_modules/nodeunit/lib/core.js:236:16)
    at /root/jshint/node_modules/nodeunit/lib/core.js:236:16
    at Object.exports.runTest (/root/jshint/node_modules/nodeunit/lib/core.js:70:9)
    at /root/jshint/node_modules/nodeunit/lib/core.js:118:25
    at /root/jshint/node_modules/nodeunit/deps/async.js:513:13
    at iterate (/root/jshint/node_modules/nodeunit/deps/async.js:123:13)
    at /root/jshint/node_modules/nodeunit/deps/async.js:134:25
    at /root/jshint/node_modules/nodeunit/deps/async.js:515:17
    at Immediate._onImmediate (/root/jshint/node_modules/nodeunit/lib/types.js:146:17)
    at runCallback (timers.js:781:20)
    at tryOnImmediate (timers.js:743:5)
    at processImmediate [as _immediateCallback] (timers.js:714:5)

âœ” exported
âœ” testIdentifiers
âœ” badIdentifiers
âœ” regression for GH-878
âœ” regression for GH-910
âœ” testHtml
âœ” destructuring var in function scope
âœ” destructuring var as moz
âœ” destructuring var as esnext
âœ” destructuring var as es5
âœ” destructuring var as legacy JS
âœ” destructuring var errors
âœ” destructuring const as moz
âœ” destructuring const as esnext
âœ” destructuring const as es5
âœ” destructuring const as legacy JS
âœ” destructuring const errors
âœ” destructuring globals as moz
âœ” destructuring globals as esnext
âœ” destructuring globals as es5
âœ” destructuring globals as legacy JS
âœ” destructuring globals with syntax error
âœ” destructuring assign of empty values as moz
âœ” destructuring assign of empty values as esnext
âœ” destructuring assign of empty values as es5
âœ” destructuring assign of empty values as JS legacy
âœ” destructuring assignment default values
âœ” destructuring assignment of valid simple assignment targets
âœ” non-identifier PropertyNames in object destructuring
âœ” empty destructuring
âœ” array element assignment inside array
âœ” let statement as moz
âœ” let statement as esnext
âœ” let statement as es5
âœ” let statement as legacy JS
âœ” let statement out of scope as moz
âœ” let statement out of scope as esnext
âœ” let statement out of scope as es5
âœ” let statement out of scope as legacy JS
âœ” let statement in functions as moz
âœ” let statement in functions as esnext
âœ” let statement in functions as es5
âœ” let statement in functions as legacy JS
âœ” let statement not in scope as moz
âœ” let statement not in scope as esnext
âœ” let statement not in scope as es5
âœ” let statement not in scope as legacy JS
âœ” let statement in for loop as moz
âœ” let statement in for loop as esnext
âœ” let statement in for loop as es5
âœ” let statement in for loop as legacy JS
âœ” let statement in destructured for loop as moz
âœ” let statement in destructured for loop as esnext
âœ” let statement in destructured for loop as es5
âœ” let statement in destructured for loop as legacy JS
âœ” let statement (as seen in jetpack)
âœ” let statement (as seen in jetpack) as esnext
âœ” let statement (as seen in jetpack) as es5
âœ” let statement (as seen in jetpack) as legacy JS
âœ” let block and let expression
âœ” let block and let expression as esnext
âœ” let block and let expression as es5
âœ” let block and let expression as legacy JS
âœ” make sure let variables are not treated as globals
âœ” make sure var variables can shadow let variables
âœ” make sure let variables in the closure of functions shadow predefined globals
âœ” make sure let variables in the closure of blocks shadow predefined globals
âœ” make sure variables may shadow globals in functions after they are referenced
âœ” test block scope redefines globals only outside of blocks
âœ” test destructuring function as moz
âœ” test destructuring function as esnext
âœ” test destructuring function as es5
âœ” test destructuring function as legacy JS
âœ” destructuring function default values
âœ” non-simple parameter list strict transition
âœ” non var destructuring assignment statement
âœ” invalid for each
âœ” invalid for each as esnext
âœ” invalid for each as ES5
âœ” invalid for each as legacy JS
âœ” esnext generator
âœ” esnext generator as moz extension
âœ” esnext generator as es5
âœ” esnext generator as legacy JS
âœ” esnext generator without yield
âœ” esnext generator without yield and check turned off
âœ” esnext generator with yield delegation, gh-1544
âœ” mozilla generator
âœ” mozilla generator as esnext
âœ” yield expression within try-catch
âœ” mozilla generator as es5
âœ” mozilla generator as legacy JS
âœ” array comprehension
âœ” array comprehension unused and undefined
âœ” gh-1856 mistakenly identified as array comprehension
âœ” gh-1413 wrongly detected as array comprehension
âœ” moz-style array comprehension
âœ” array comprehension with for..of
âœ” moz-style array comprehension with for..of
âœ” array comprehension with unused variables
âœ” moz-style array comprehension with unused variables
âœ” moz-style array comprehension as esnext
âœ” array comprehension as es5
âœ” moz-style array comprehension as es5
âœ” array comprehension as legacy JS
âœ” moz-style array comprehension as legacy JS
âœ” array comprehension with dest array at global scope
âœ” moz-style array comprehension with dest array at global scope
âœ” moz-style array comprehension with dest array at global scope as esnext
âœ” array comprehension with dest array at global scope as es5
âœ” moz-style array comprehension with dest array at global scope as es5
âœ” array comprehension with dest array at global scope as JS legacy
âœ” moz-style array comprehension with dest array at global scope as JS legacy
âœ” array comprehension imbrication with dest array
âœ” moz-style array comprehension imbrication with dest array
âœ” moz-style array comprehension imbrication with dest array using for..of
âœ” moz-style array comprehension imbrication with dest array as esnext
âœ” array comprehension imbrication with dest array as es5
âœ” moz-style array comprehension imbrication with dest array as es5
âœ” array comprehension imbrication with dest array as legacy JS
âœ” moz-style array comprehension imbrication with dest array as legacy JS
âœ” no false positive array comprehension
âœ” try catch filters
âœ” try catch filters as esnext
âœ” try catch filters as es5
âœ” try catch filters as legacy JS
âœ” function closure expression
âœ” function closure expression as esnext
âœ” function closure expression as es5
âœ” function closure expression as legacy JS
âœ” for of as esnext
âœ” for of as es5
âœ” for of as legacy JS
âœ” array destructuring for of as esnext
âœ” array destructuring for of as es5
âœ” array destructuring for of as legacy JS
âœ” object destructuring for of as esnext
âœ” object destructuring for of as es5
âœ” object destructuring for of as legacy JS
âœ” try multi-catch for moz extensions
âœ” try multi-catch as esnext
âœ” try multi-catch as es5
âœ” try multi-catch as legacy JS
âœ” no let not directly within a block
âœ” no const not directly within a block
âœ” test: let declared directly within block
âœ” test: let is directly within nested block
âœ” regression test for crash from GH-964
âœ” ASI - gh950
âœ” ASI - followingYield
âœ” ASI - followingPostfix
âœ” fat arrows support
âœ” fat arrow nested function scoping
âœ” default arguments in fat arrow functions
âœ” expressions in place of arrow function parameters
âœ” arrow function parameter containing semicolon (gh-3002)
âœ” conciseMethods - basicSupport
âœ” conciseMethods - getAndSet
âœ” conciseMethods - getWithoutSet
âœ” conciseMethods - nameIsNotLocalVar
âœ” object short notation: basic
âœ” object short notation: mixed
âœ” object ComputedPropertyName
âœ” spread & rest operator support
âœ” parameter destructuring with rest
âœ” test for GH-1010
{"identifier":true,"type":"class","value":"class","line":3,"character":6,"from":1,"raw_text":"class"}
{"identifier":true,"type":"class","value":"class","line":4,"character":6,"from":1,"raw_text":"class"}
{"identifier":true,"type":"class","value":"class","line":5,"character":6,"from":1,"raw_text":"class"}
[31mâœ– classes[39m

TypeError: Cannot read property 'desc' of undefined
    at quit (/root/jshint/src/jshint.js:333:40)
    at Object.fud (/root/jshint/src/jshint.js:5070:13)
    at expression (/root/jshint/src/jshint.js:961:32)
    at statement (/root/jshint/src/jshint.js:2001:9)
    at statements (/root/jshint/src/jshint.js:2054:16)
    at itself (/root/jshint/src/jshint.js:5888:9)
    at Object.test (/root/jshint/tests/helpers/testhelper.js:54:19)
    at Object.exports.classes (/root/jshint/tests/unit/parser.js:6153:7)
    at Object.<anonymous> (/root/jshint/node_modules/nodeunit/lib/core.js:236:16)
    at /root/jshint/node_modules/nodeunit/lib/core.js:236:16
    at Object.exports.runTest (/root/jshint/node_modules/nodeunit/lib/core.js:70:9)
    at /root/jshint/node_modules/nodeunit/lib/core.js:118:25
    at /root/jshint/node_modules/nodeunit/deps/async.js:513:13
    at iterate (/root/jshint/node_modules/nodeunit/deps/async.js:123:13)
    at /root/jshint/node_modules/nodeunit/deps/async.js:134:25
    at /root/jshint/node_modules/nodeunit/deps/async.js:515:17

{"identifier":true,"type":"class","value":"class","line":1,"character":6,"from":1,"raw_text":"class"}
{"identifier":true,"type":"class","value":"class","line":2,"character":6,"from":1,"raw_text":"class"}
{"identifier":true,"type":"class","value":"class","line":3,"character":6,"from":1,"raw_text":"class"}
[31mâœ– class and method naming[39m

TypeError: Cannot read property 'desc' of undefined
    at quit (/root/jshint/src/jshint.js:333:40)
    at Object.fud (/root/jshint/src/jshint.js:5070:13)
    at expression (/root/jshint/src/jshint.js:961:32)
    at statement (/root/jshint/src/jshint.js:2001:9)
    at statements (/root/jshint/src/jshint.js:2054:16)
    at itself (/root/jshint/src/jshint.js:5888:9)
    at Object.test (/root/jshint/tests/helpers/testhelper.js:54:19)
    at Object.exports.class and method naming (/root/jshint/tests/unit/parser.js:6250:7)
    at Object.<anonymous> (/root/jshint/node_modules/nodeunit/lib/core.js:236:16)
    at /root/jshint/node_modules/nodeunit/lib/core.js:236:16
    at Object.exports.runTest (/root/jshint/node_modules/nodeunit/lib/core.js:70:9)
    at /root/jshint/node_modules/nodeunit/lib/core.js:118:25
    at /root/jshint/node_modules/nodeunit/deps/async.js:513:13
    at iterate (/root/jshint/node_modules/nodeunit/deps/async.js:123:13)
    at /root/jshint/node_modules/nodeunit/deps/async.js:134:25
    at /root/jshint/node_modules/nodeunit/deps/async.js:515:17

{"identifier":true,"type":"class","value":"class","line":2,"character":6,"from":1,"raw_text":"class"}
[31mâœ– computed class methods aren't duplicate[39m

TypeError: Cannot read property 'desc' of undefined
    at quit (/root/jshint/src/jshint.js:333:40)
    at Object.fud (/root/jshint/src/jshint.js:5070:13)
    at expression (/root/jshint/src/jshint.js:961:32)
    at statement (/root/jshint/src/jshint.js:2001:9)
    at statements (/root/jshint/src/jshint.js:2054:16)
    at itself (/root/jshint/src/jshint.js:5888:9)
    at Object.test (/root/jshint/tests/helpers/testhelper.js:54:19)
    at Object.exports.computed class methods aren't duplicate (/root/jshint/tests/unit/parser.js:6272:17)
    at Object.<anonymous> (/root/jshint/node_modules/nodeunit/lib/core.js:236:16)
    at /root/jshint/node_modules/nodeunit/lib/core.js:236:16
    at Object.exports.runTest (/root/jshint/node_modules/nodeunit/lib/core.js:70:9)
    at /root/jshint/node_modules/nodeunit/lib/core.js:118:25
    at /root/jshint/node_modules/nodeunit/deps/async.js:513:13
    at iterate (/root/jshint/node_modules/nodeunit/deps/async.js:123:13)
    at /root/jshint/node_modules/nodeunit/deps/async.js:134:25
    at /root/jshint/node_modules/nodeunit/deps/async.js:515:17

{"identifier":true,"type":"class","value":"class","line":1,"character":6,"from":1,"raw_text":"class"}
[31mâœ– class method this[39m

TypeError: Cannot read property 'desc' of undefined
    at quit (/root/jshint/src/jshint.js:333:40)
    at Object.fud (/root/jshint/src/jshint.js:5070:13)
    at expression (/root/jshint/src/jshint.js:961:32)
    at statement (/root/jshint/src/jshint.js:2001:9)
    at statements (/root/jshint/src/jshint.js:2054:16)
    at itself (/root/jshint/src/jshint.js:5888:9)
    at Object.test (/root/jshint/tests/helpers/testhelper.js:54:19)
    at Object.exports.class method this (/root/jshint/tests/unit/parser.js:6294:6)
    at Object.<anonymous> (/root/jshint/node_modules/nodeunit/lib/core.js:236:16)
    at /root/jshint/node_modules/nodeunit/lib/core.js:236:16
    at Object.exports.runTest (/root/jshint/node_modules/nodeunit/lib/core.js:70:9)
    at /root/jshint/node_modules/nodeunit/lib/core.js:118:25
    at /root/jshint/node_modules/nodeunit/deps/async.js:513:13
    at iterate (/root/jshint/node_modules/nodeunit/deps/async.js:123:13)
    at /root/jshint/node_modules/nodeunit/deps/async.js:134:25
    at /root/jshint/node_modules/nodeunit/deps/async.js:515:17

{"identifier":true,"type":"class","value":"class","line":1,"character":6,"from":1,"raw_text":"class"}
[31mâœ– classNewcap[39m

TypeError: Cannot read property 'desc' of undefined
    at quit (/root/jshint/src/jshint.js:333:40)
    at Object.fud (/root/jshint/src/jshint.js:5070:13)
    at expression (/root/jshint/src/jshint.js:961:32)
    at statement (/root/jshint/src/jshint.js:2001:9)
    at statements (/root/jshint/src/jshint.js:2054:16)
    at itself (/root/jshint/src/jshint.js:5888:9)
    at Object.test (/root/jshint/tests/helpers/testhelper.js:54:19)
    at Object.exports.classNewcap (/root/jshint/tests/unit/parser.js:6312:6)
    at Object.<anonymous> (/root/jshint/node_modules/nodeunit/lib/core.js:236:16)
    at /root/jshint/node_modules/nodeunit/lib/core.js:236:16
    at Object.exports.runTest (/root/jshint/node_modules/nodeunit/lib/core.js:70:9)
    at /root/jshint/node_modules/nodeunit/lib/core.js:118:25
    at /root/jshint/node_modules/nodeunit/deps/async.js:513:13
    at iterate (/root/jshint/node_modules/nodeunit/deps/async.js:123:13)
    at /root/jshint/node_modules/nodeunit/deps/async.js:134:25
    at /root/jshint/node_modules/nodeunit/deps/async.js:515:17

[31mâœ– classExpression[39m

Assertion Message: [35m
  TestRun: [bold]{undefined}
  [yellow]{Errors defined, but not thrown by JSHINT}
 [bold]{Line 2, Char undefined} Reassignment of 'MyClass', which is is a class. Use 'var' or 'let' to declare bindings that may change.
 [bold]{Line 3, Char undefined} Reassignment of 'MyClass', which is is a class. Use 'var' or 'let' to declare bindings that may change.
 [bold]{Line 4, Char undefined} Reassignment of 'MyClass', which is is a class. Use 'var' or 'let' to declare bindings that may change.
 [bold]{Line 5, Char undefined} Reassignment of 'MyClass', which is is a class. Use 'var' or 'let' to declare bindings that may change.
 [bold]{Line 6, Char undefined} Reassignment of 'MyClass', which is is a class. Use 'var' or 'let' to declare bindings that may change.
 [bold]{Line 7, Char undefined} Reassignment of 'MyClass', which is is a class. Use 'var' or 'let' to declare bindings that may change.
  [yellow]{Errors thrown by JSHINT, but not defined in test run}
  [bold]{Line 1, Char 11} Missing semicolon.
  [bold]{Line 1, Char 12} Expected an assignment or function call and instead saw an expression.
  [bold]{Line 1, Char 19} Missing semicolon.
  [bold]{Line 2, Char 16} Missing semicolon.
  [bold]{Line 3, Char 11} Missing semicolon.
  [bold]{Line 4, Char 3} Expected an assignment or function call and instead saw an expression.
  [bold]{Line 4, Char 9} Missing semicolon.
  [bold]{Line 4, Char 18} Missing semicolon.
  [bold]{Line 5, Char 3} Expected an assignment or function call and instead saw an expression.
  [bold]{Line 5, Char 6} Missing semicolon.
  [bold]{Line 5, Char 17} Missing semicolon.
  [bold]{Line 6, Char 3} Expected an assignment or function call and instead saw an expression.
  [bold]{Line 6, Char 6} Missing semicolon.
  [bold]{Line 6, Char 17} Missing semicolon.
  [bold]{Line 7, Char 12} Missing semicolon.
  [bold]{Line 8, Char 2} Unnecessary semicolon.
  [bold]{Line 1, Char 12} 'MyClass' is not defined.
  [bold]{Line 2, Char 19} 'MyClass' is not defined.
  [bold]{Line 3, Char 14} 'MyClass' is not defined.
  [bold]{Line 4, Char 21} 'MyClass' is not defined.
  [bold]{Line 5, Char 20} 'MyClass' is not defined.
  [bold]{Line 6, Char 20} 'MyClass' is not defined.
  [bold]{Line 7, Char 15} 'MyClass' is not defined.
  [bold]{Line 2, Char 3} 'constructor' is not defined.
  [bold]{Line 3, Char 3} 'method' is not defined.
  [bold]{Line 4, Char 10} 'method' is not defined.
  [bold]{Line 4, Char 3} 'static' is not defined.
  [bold]{Line 5, Char 3} 'get' is not defined.
  [bold]{Line 5, Char 7} 'accessor' is not defined.
  [bold]{Line 6, Char 7} 'accessor' is not defined.
  [bold]{Line 6, Char 3} 'set' is not defined.
  [bold]{Line 7, Char 3} 'method2' is not defined.
[39m
AssertionError: false == true
  TestRun: [bold]{undefined}
  [yellow]{Errors defined, but not thrown by JSHINT}
 [bold]{Line 2, Char undefined} Reassignment of 'MyClass', which is is a class. Use 'var' or 'let' to declare bindings that may change.
 [bold]{Line 3, Char undefined} Reassignment of 'MyClass', which is is a class. Use 'var' or 'let' to declare bindings that may change.
 [bold]{Line 4, Char undefined} Reassignment of 'MyClass', which is is a class. Use 'var' or 'let' to declare bindings that may change.
 [bold]{Line 5, Char undefined} Reassignment of 'MyClass', which is is a class. Use 'var' or 'let' to declare bindings that may change.
 [bold]{Line 6, Char undefined} Reassignment of 'MyClass', which is is a class. Use 'var' or 'let' to declare bindings that may change.
 [bold]{Line 7, Char undefined} Reassignment of 'MyClass', which is is a class. Use 'var' or 'let' to declare bindings that may change.
  [yellow]{Errors thrown by JSHINT, but not defined in test run}
  [bold]{Line 1, Char 11} Missing semicolon.
  [bold]{Line 1, Char 12} Expected an assignment or function call and instead saw an expression.
  [bold]{Line 1, Char 19} Missing semicolon.
  [bold]{Line 2, Char 16} Missing semicolon.
  [bold]{Line 3, Char 11} Missing semicolon.
  [bold]{Line 4, Char 3} Expected an assignment or function call and instead saw an expression.
  [bold]{Line 4, Char 9} Missing semicolon.
  [bold]{Line 4, Char 18} Missing semicolon.
  [bold]{Line 5, Char 3} Expected an assignment or function call and instead saw an expression.
  [bold]{Line 5, Char 6} Missing semicolon.
  [bold]{Line 5, Char 17} Missing semicolon.
  [bold]{Line 6, Char 3} Expected an assignment or function call and instead saw an expression.
  [bold]{Line 6, Char 6} Missing semicolon.
  [bold]{Line 6, Char 17} Missing semicolon.
  [bold]{Line 7, Char 12} Missing semicolon.
  [bold]{Line 8, Char 2} Unnecessary semicolon.
  [bold]{Line 1, Char 12} 'MyClass' is not defined.
  [bold]{Line 2, Char 19} 'MyClass' is not defined.
  [bold]{Line 3, Char 14} 'MyClass' is not defined.
  [bold]{Line 4, Char 21} 'MyClass' is not defined.
  [bold]{Line 5, Char 20} 'MyClass' is not defined.
  [bold]{Line 6, Char 20} 'MyClass' is not defined.
  [bold]{Line 7, Char 15} 'MyClass' is not defined.
  [bold]{Line 2, Char 3} 'constructor' is not defined.
  [bold]{Line 3, Char 3} 'method' is not defined.
  [bold]{Line 4, Char 10} 'method' is not defined.
  [bold]{Line 4, Char 3} 'static' is not defined.
  [bold]{Line 5, Char 3} 'get' is not defined.
  [bold]{Line 5, Char 7} 'accessor' is not defined.
  [bold]{Line 6, Char 7} 'accessor' is not defined.
  [bold]{Line 6, Char 3} 'set' is not defined.
  [bold]{Line 7, Char 3} 'method2' is not defined.

    at Object.ok (/root/jshint/node_modules/nodeunit/lib/types.js:83:39)
    at Object.test (/root/jshint/tests/helpers/testhelper.js:133:12)
    at Object.exports.classExpression (/root/jshint/tests/unit/parser.js:6338:6)
    at Object.<anonymous> (/root/jshint/node_modules/nodeunit/lib/core.js:236:16)
    at /root/jshint/node_modules/nodeunit/lib/core.js:236:16
    at Object.exports.runTest (/root/jshint/node_modules/nodeunit/lib/core.js:70:9)
    at /root/jshint/node_modules/nodeunit/lib/core.js:118:25
    at /root/jshint/node_modules/nodeunit/deps/async.js:513:13
    at iterate (/root/jshint/node_modules/nodeunit/deps/async.js:123:13)
    at /root/jshint/node_modules/nodeunit/deps/async.js:134:25
    at /root/jshint/node_modules/nodeunit/deps/async.js:515:17
    at Immediate.<anonymous> (/root/jshint/node_modules/nodeunit/lib/types.js:146:17)
    at runCallback (timers.js:781:20)
    at tryOnImmediate (timers.js:743:5)
    at processImmediate [as _immediateCallback] (timers.js:714:5)

âœ” functionReassignment
âœ” functionNotOverwritten
[31mâœ– classExpressionThis[39m

Assertion Message: [35m
  TestRun: [bold]{undefined}
  [yellow]{Errors thrown by JSHINT, but not defined in test run}
  [bold]{Line 1, Char 11} Missing semicolon.
  [bold]{Line 1, Char 12} Expected an assignment or function call and instead saw an expression.
  [bold]{Line 1, Char 19} Missing semicolon.
  [bold]{Line 2, Char 16} Missing semicolon.
  [bold]{Line 3, Char 11} Missing semicolon.
  [bold]{Line 4, Char 3} Expected an assignment or function call and instead saw an expression.
  [bold]{Line 4, Char 9} Missing semicolon.
  [bold]{Line 4, Char 18} Missing semicolon.
  [bold]{Line 5, Char 3} Expected an assignment or function call and instead saw an expression.
  [bold]{Line 5, Char 6} Missing semicolon.
  [bold]{Line 5, Char 17} Missing semicolon.
  [bold]{Line 6, Char 3} Expected an assignment or function call and instead saw an expression.
  [bold]{Line 6, Char 6} Missing semicolon.
  [bold]{Line 6, Char 17} Missing semicolon.
  [bold]{Line 7, Char 2} Unnecessary semicolon.
[39m
AssertionError: false == true
  TestRun: [bold]{undefined}
  [yellow]{Errors thrown by JSHINT, but not defined in test run}
  [bold]{Line 1, Char 11} Missing semicolon.
  [bold]{Line 1, Char 12} Expected an assignment or function call and instead saw an expression.
  [bold]{Line 1, Char 19} Missing semicolon.
  [bold]{Line 2, Char 16} Missing semicolon.
  [bold]{Line 3, Char 11} Missing semicolon.
  [bold]{Line 4, Char 3} Expected an assignment or function call and instead saw an expression.
  [bold]{Line 4, Char 9} Missing semicolon.
  [bold]{Line 4, Char 18} Missing semicolon.
  [bold]{Line 5, Char 3} Expected an assignment or function call and instead saw an expression.
  [bold]{Line 5, Char 6} Missing semicolon.
  [bold]{Line 5, Char 17} Missing semicolon.
  [bold]{Line 6, Char 3} Expected an assignment or function call and instead saw an expression.
  [bold]{Line 6, Char 6} Missing semicolon.
  [bold]{Line 6, Char 17} Missing semicolon.
  [bold]{Line 7, Char 2} Unnecessary semicolon.

    at Object.ok (/root/jshint/node_modules/nodeunit/lib/types.js:83:39)
    at Object.test (/root/jshint/tests/helpers/testhelper.js:133:12)
    at Object.exports.classExpressionThis (/root/jshint/tests/unit/parser.js:6396:6)
    at Object.<anonymous> (/root/jshint/node_modules/nodeunit/lib/core.js:236:16)
    at /root/jshint/node_modules/nodeunit/lib/core.js:236:16
    at Object.exports.runTest (/root/jshint/node_modules/nodeunit/lib/core.js:70:9)
    at /root/jshint/node_modules/nodeunit/lib/core.js:118:25
    at /root/jshint/node_modules/nodeunit/deps/async.js:513:13
    at iterate (/root/jshint/node_modules/nodeunit/deps/async.js:123:13)
    at /root/jshint/node_modules/nodeunit/deps/async.js:134:25
    at /root/jshint/node_modules/nodeunit/deps/async.js:515:17
    at Immediate.<anonymous> (/root/jshint/node_modules/nodeunit/lib/types.js:146:17)
    at runCallback (timers.js:781:20)
    at tryOnImmediate (timers.js:743:5)
    at processImmediate [as _immediateCallback] (timers.js:714:5)

{"identifier":true,"type":"class","value":"class","line":1,"character":6,"from":1,"raw_text":"class"}
[31mâœ– classElementEmpty[39m

TypeError: Cannot read property 'desc' of undefined
    at quit (/root/jshint/src/jshint.js:333:40)
    at Object.fud (/root/jshint/src/jshint.js:5070:13)
    at expression (/root/jshint/src/jshint.js:961:32)
    at statement (/root/jshint/src/jshint.js:2001:9)
    at statements (/root/jshint/src/jshint.js:2054:16)
    at itself (/root/jshint/src/jshint.js:5888:9)
    at Object.test (/root/jshint/tests/helpers/testhelper.js:54:19)
    at Object.exports.classElementEmpty (/root/jshint/tests/unit/parser.js:6420:6)
    at Object.<anonymous> (/root/jshint/node_modules/nodeunit/lib/core.js:236:16)
    at /root/jshint/node_modules/nodeunit/lib/core.js:236:16
    at Object.exports.runTest (/root/jshint/node_modules/nodeunit/lib/core.js:70:9)
    at /root/jshint/node_modules/nodeunit/lib/core.js:118:25
    at /root/jshint/node_modules/nodeunit/deps/async.js:513:13
    at iterate (/root/jshint/node_modules/nodeunit/deps/async.js:123:13)
    at /root/jshint/node_modules/nodeunit/deps/async.js:134:25
    at /root/jshint/node_modules/nodeunit/deps/async.js:515:17

{"identifier":true,"type":"class","value":"class","line":1,"character":6,"from":1,"raw_text":"class"}
[31mâœ– invalidClasses[39m

TypeError: Cannot read property 'desc' of undefined
    at quit (/root/jshint/src/jshint.js:333:40)
    at Object.fud (/root/jshint/src/jshint.js:5070:13)
    at expression (/root/jshint/src/jshint.js:961:32)
    at statement (/root/jshint/src/jshint.js:2001:9)
    at statements (/root/jshint/src/jshint.js:2054:16)
    at itself (/root/jshint/src/jshint.js:5888:9)
    at Object.test (/root/jshint/tests/helpers/testhelper.js:54:19)
    at Object.exports.invalidClasses (/root/jshint/tests/unit/parser.js:6430:6)
    at Object.<anonymous> (/root/jshint/node_modules/nodeunit/lib/core.js:236:16)
    at /root/jshint/node_modules/nodeunit/lib/core.js:236:16
    at Object.exports.runTest (/root/jshint/node_modules/nodeunit/lib/core.js:70:9)
    at /root/jshint/node_modules/nodeunit/lib/core.js:118:25
    at /root/jshint/node_modules/nodeunit/deps/async.js:513:13
    at iterate (/root/jshint/node_modules/nodeunit/deps/async.js:123:13)
    at /root/jshint/node_modules/nodeunit/deps/async.js:134:25
    at /root/jshint/node_modules/nodeunit/deps/async.js:515:17

âœ” test for GH-1018
âœ” test warnings for assignments in conditionals
âœ” test for GH-1089
âœ” test for GH-1105
âœ” test for crash with invalid condition
âœ” test 'yield' in compound expressions.
âœ” test 'yield' in invalid positions
âœ” test for GH-387
âœ” test for line breaks with 'yield'
âœ” yieldRegExp
âœ” unreachable - regression for GH-1227
âœ” unreachable - break
âœ” unreachable - continue
âœ” unreachable - return
âœ” unreachable - throw
âœ” unreachable - braceless
âœ” unreachable - nestedBraceless
âœ” test for 'break' in switch case + curly braces
âœ” test for 'break' in switch case in loop + curly braces
âœ” allow expression with a comma in switch case condition
âœ” ignoreDirective - should be a good option and only accept start, end or line as values
âœ” ignoreDirective - should allow the linter to skip blocked-out lines to continue finding errors in the rest of the code
âœ” ignoreDirective - should ignore lines that appear to end with multiline comment endings (GH-1691)
âœ” ignoreDirective - should ignore lines that end with a multi-line comment (GH-1396)
âœ” ignoreDirective - should ignore multi-line comments
âœ” ignoreDirective - should be detected even with leading and/or trailing whitespace
âœ” ignoreDirective - should apply to lines lexed during lookahead operations
âœ” should be able to ignore a single line with a trailing comment: // jshint:ignore
âœ” regression test for GH-1431
âœ” jshint ignore:start/end should be detected using single line comments
âœ” test destructuring function parameters as es5
âœ” test destructuring function parameters as legacy JS
âœ” test for parentheses in odd-numbered token
âœ” regression crash from GH-1573
âœ” make sure we don't throw errors on removed options
âœ” 'for of' shouldn't be subject to 'for in' rules
âœ” enforcement of `forin` option should be tolerant of invalid syntax
âœ” Ignore strings containing braces within array literal declarations
âœ” gh-1016: don't issue W088 if identifier is outside of blockscope
{"identifier":true,"type":"export","value":"export","line":1,"character":7,"from":1,"raw_text":"export"}
{"identifier":true,"type":"class","value":"class","line":10,"character":6,"from":1,"raw_text":"class"}
{"identifier":true,"type":"export","value":"export","line":11,"character":7,"from":1,"raw_text":"export"}
{"identifier":true,"type":"export","value":"export","line":12,"character":7,"from":1,"raw_text":"export"}
{"identifier":true,"type":"export","value":"export","line":13,"character":7,"from":1,"raw_text":"export"}
{"identifier":true,"type":"export","value":"export","line":14,"character":7,"from":1,"raw_text":"export"}
{"identifier":true,"type":"export","value":"export","line":15,"character":7,"from":1,"raw_text":"export"}
{"identifier":true,"type":"export","value":"export","line":16,"character":7,"from":1,"raw_text":"export"}
[31mâœ– testES6UnusedExports[39m

Assertion Message: [35m
  TestRun: [bold]{undefined}
  [yellow]{Errors thrown by JSHINT, but not defined in test run}
  [bold]{Line 10, Char 27} Missing semicolon.
[39m
AssertionError: false == true
  TestRun: [bold]{undefined}
  [yellow]{Errors thrown by JSHINT, but not defined in test run}
  [bold]{Line 10, Char 27} Missing semicolon.

    at Object.ok (/root/jshint/node_modules/nodeunit/lib/types.js:83:39)
    at Object.test (/root/jshint/tests/helpers/testhelper.js:133:12)
    at Object.exports.testES6UnusedExports (/root/jshint/tests/unit/parser.js:7465:6)
    at Object.<anonymous> (/root/jshint/node_modules/nodeunit/lib/core.js:236:16)
    at /root/jshint/node_modules/nodeunit/lib/core.js:236:16
    at Object.exports.runTest (/root/jshint/node_modules/nodeunit/lib/core.js:70:9)
    at /root/jshint/node_modules/nodeunit/lib/core.js:118:25
    at /root/jshint/node_modules/nodeunit/deps/async.js:513:13
    at iterate (/root/jshint/node_modules/nodeunit/deps/async.js:123:13)
    at /root/jshint/node_modules/nodeunit/deps/async.js:134:25
    at /root/jshint/node_modules/nodeunit/deps/async.js:515:17
    at Immediate.<anonymous> (/root/jshint/node_modules/nodeunit/lib/types.js:146:17)
    at runCallback (timers.js:781:20)
    at tryOnImmediate (timers.js:743:5)
    at processImmediate [as _immediateCallback] (timers.js:714:5)

{"identifier":true,"type":"export","value":"export","line":4,"character":9,"from":3,"raw_text":"export"}
{"identifier":true,"type":"export","value":"export","line":5,"character":9,"from":3,"raw_text":"export"}
{"identifier":true,"type":"export","value":"export","line":6,"character":9,"from":3,"raw_text":"export"}
{"identifier":true,"type":"export","value":"export","line":7,"character":9,"from":3,"raw_text":"export"}
{"identifier":true,"type":"export","value":"export","line":8,"character":9,"from":3,"raw_text":"export"}
{"identifier":true,"type":"export","value":"export","line":14,"character":9,"from":3,"raw_text":"export"}
{"identifier":true,"type":"export","value":"export","line":15,"character":9,"from":3,"raw_text":"export"}
{"identifier":true,"type":"export","value":"export","line":16,"character":9,"from":3,"raw_text":"export"}
{"identifier":true,"type":"export","value":"export","line":17,"character":9,"from":3,"raw_text":"export"}
{"identifier":true,"type":"export","value":"export","line":18,"character":9,"from":3,"raw_text":"export"}
âœ” testES6BlockExports
{"identifier":true,"type":"import","value":"import","line":2,"character":8,"from":2,"raw_text":"import"}
{"identifier":true,"type":"import","value":"import","line":5,"character":8,"from":2,"raw_text":"import"}
{"identifier":true,"type":"import","value":"import","line":8,"character":8,"from":2,"raw_text":"import"}
{"identifier":true,"type":"import","value":"import","line":11,"character":8,"from":2,"raw_text":"import"}
âœ” testES6BlockImports
âœ” testStrictDirectiveASI
âœ” dereferenceDelete
âœ” trailingCommaInObjectBindingPattern
âœ” trailingCommaInObjectBindingPatternParameters
âœ” trailingCommaInArrayBindingPattern
âœ” trailingCommaInArrayBindingPatternParameters
âœ” testGH1879
âœ” commaAfterRestElementInArrayBindingPattern
âœ” commaAfterRestElementInArrayBindingPatternParameters
âœ” commaAfterRestParameter
âœ” extraRestOperator
[31mâœ– restOperatorWithoutIdentifier[39m

Assertion Message: [35m
  TestRun: [bold]{undefined}
  [yellow]{Errors defined, but not thrown by JSHINT}
 [bold]{Line 6, Char undefined} Expected an identifier and instead saw 'var' (a reserved word).
 [bold]{Line 7, Char undefined} Expected an identifier and instead saw 'var' (a reserved word).
 [bold]{Line 7, Char undefined} Expected an identifier and instead saw 'void' (a reserved word).
 [bold]{Line 8, Char undefined} Expected an identifier and instead saw 'var' (a reserved word).
 [bold]{Line 8, Char undefined} Too many errors. (44% scanned).
  [yellow]{Errors thrown by JSHINT, but not defined in test run}
  [bold]{Line 9, Char 5} Expected ',' and instead saw 'arrow3'.
  [bold]{Line 9, Char 12} Expected an identifier and instead saw '='.
  [bold]{Line 9, Char 14} Expected ',' and instead saw '('.
  [bold]{Line 9, Char 19} Expected an identifier and instead saw ']'.
  [bold]{Line 9, Char 19} Too many errors. (50% scanned).
[39m
AssertionError: false == true
  TestRun: [bold]{undefined}
  [yellow]{Errors defined, but not thrown by JSHINT}
 [bold]{Line 6, Char undefined} Expected an identifier and instead saw 'var' (a reserved word).
 [bold]{Line 7, Char undefined} Expected an identifier and instead saw 'var' (a reserved word).
 [bold]{Line 7, Char undefined} Expected an identifier and instead saw 'void' (a reserved word).
 [bold]{Line 8, Char undefined} Expected an identifier and instead saw 'var' (a reserved word).
 [bold]{Line 8, Char undefined} Too many errors. (44% scanned).
  [yellow]{Errors thrown by JSHINT, but not defined in test run}
  [bold]{Line 9, Char 5} Expected ',' and instead saw 'arrow3'.
  [bold]{Line 9, Char 12} Expected an identifier and instead saw '='.
  [bold]{Line 9, Char 14} Expected ',' and instead saw '('.
  [bold]{Line 9, Char 19} Expected an identifier and instead saw ']'.
  [bold]{Line 9, Char 19} Too many errors. (50% scanned).

    at Object.ok (/root/jshint/node_modules/nodeunit/lib/types.js:83:39)
    at Object.test (/root/jshint/tests/helpers/testhelper.js:133:12)
    at Object.exports.restOperatorWithoutIdentifier (/root/jshint/tests/unit/parser.js:7862:6)
    at Object.<anonymous> (/root/jshint/node_modules/nodeunit/lib/core.js:236:16)
    at /root/jshint/node_modules/nodeunit/lib/core.js:236:16
    at Object.exports.runTest (/root/jshint/node_modules/nodeunit/lib/core.js:70:9)
    at /root/jshint/node_modules/nodeunit/lib/core.js:118:25
    at /root/jshint/node_modules/nodeunit/deps/async.js:513:13
    at iterate (/root/jshint/node_modules/nodeunit/deps/async.js:123:13)
    at /root/jshint/node_modules/nodeunit/deps/async.js:134:25
    at /root/jshint/node_modules/nodeunit/deps/async.js:515:17
    at Immediate.<anonymous> (/root/jshint/node_modules/nodeunit/lib/types.js:146:17)
    at runCallback (timers.js:781:20)
    at tryOnImmediate (timers.js:743:5)
    at processImmediate [as _immediateCallback] (timers.js:714:5)

âœ” invalidSpread
âœ” getAsIdentifierProp
âœ” invalidParams
âœ” functionKeyword
âœ” nonGeneratorAfterGenerator
{"identifier":true,"type":"class","value":"class","line":1,"character":6,"from":1,"raw_text":"class"}
[31mâœ– new.target[39m

TypeError: Cannot read property 'desc' of undefined
    at quit (/root/jshint/src/jshint.js:333:40)
    at Object.fud (/root/jshint/src/jshint.js:5070:13)
    at expression (/root/jshint/src/jshint.js:961:32)
    at statement (/root/jshint/src/jshint.js:2001:9)
    at statements (/root/jshint/src/jshint.js:2054:16)
    at itself (/root/jshint/src/jshint.js:5888:9)
    at Object.test (/root/jshint/tests/helpers/testhelper.js:54:19)
    at Object.exports.new.target (/root/jshint/tests/unit/parser.js:7963:6)
    at Object.<anonymous> (/root/jshint/node_modules/nodeunit/lib/core.js:236:16)
    at /root/jshint/node_modules/nodeunit/lib/core.js:236:16
    at Object.exports.runTest (/root/jshint/node_modules/nodeunit/lib/core.js:70:9)
    at /root/jshint/node_modules/nodeunit/lib/core.js:118:25
    at /root/jshint/node_modules/nodeunit/deps/async.js:513:13
    at iterate (/root/jshint/node_modules/nodeunit/deps/async.js:123:13)
    at /root/jshint/node_modules/nodeunit/deps/async.js:134:25
    at /root/jshint/node_modules/nodeunit/deps/async.js:515:17

âœ” lazyIdentifierChecks
âœ” parsingCommas
[31mâœ– instanceOfLiterals[39m

Assertion Message: [35m
  TestRun: [bold]{undefined}
  [yellow]{Errors defined, but not thrown by JSHINT}
 [bold]{Line 13, Char undefined} Expected an identifier and instead saw 'undefined' (a reserved word).
[39m
AssertionError: false == true
  TestRun: [bold]{undefined}
  [yellow]{Errors defined, but not thrown by JSHINT}
 [bold]{Line 13, Char undefined} Expected an identifier and instead saw 'undefined' (a reserved word).

    at Object.ok (/root/jshint/node_modules/nodeunit/lib/types.js:83:39)
    at Object.test (/root/jshint/tests/helpers/testhelper.js:133:12)
    at Object.exports.instanceOfLiterals (/root/jshint/tests/unit/parser.js:8147:7)
    at Object.<anonymous> (/root/jshint/node_modules/nodeunit/lib/core.js:236:16)
    at /root/jshint/node_modules/nodeunit/lib/core.js:236:16
    at Object.exports.runTest (/root/jshint/node_modules/nodeunit/lib/core.js:70:9)
    at /root/jshint/node_modules/nodeunit/lib/core.js:118:25
    at /root/jshint/node_modules/nodeunit/deps/async.js:513:13
    at iterate (/root/jshint/node_modules/nodeunit/deps/async.js:123:13)
    at /root/jshint/node_modules/nodeunit/deps/async.js:134:25
    at /root/jshint/node_modules/nodeunit/deps/async.js:515:17
    at Immediate.<anonymous> (/root/jshint/node_modules/nodeunit/lib/types.js:146:17)
    at runCallback (timers.js:781:20)
    at tryOnImmediate (timers.js:743:5)
    at processImmediate [as _immediateCallback] (timers.js:714:5)

âœ” forInExpr
âœ” octalEscape
âœ” lookaheadBeyondEnd
âœ” exponentiation - esversion
âœ” exponentiation - whitespace
âœ” exponentiation - leftPrecedence
âœ” exponentiation - rightPrecedence
âœ” exponentiation - compundAssignment

[1mobjrestspread[22m
âœ” enabling
âœ” spread
âœ” rest

[1m[31mFAILURES: [39m[22m49/1090 assertions failed (16387ms)
